#-----------------------------------------------------------
# Vivado v2019.1 (64-bit)
# SW Build 2552052 on Fri May 24 14:49:42 MDT 2019
# IP Build 2548770 on Fri May 24 18:01:18 MDT 2019
# Start of session at: Sun Nov 10 15:39:11 2019
# Process ID: 9380
# Current directory: C:/Users/Cliff/Desktop/Important docs/Schoolwork/SDSU/Computer Engineering/COMPE 475/COMPE475_PipelineProcessor
# Command line: vivado.exe -gui_launcher_event rodinguilauncherevent7820 C:\Users\Cliff\Desktop\Important docs\Schoolwork\SDSU\Computer Engineering\COMPE 475\COMPE475_PipelineProcessor\COMPE475_PipelineProcessor.xpr
# Log file: C:/Users/Cliff/Desktop/Important docs/Schoolwork/SDSU/Computer Engineering/COMPE 475/COMPE475_PipelineProcessor/vivado.log
# Journal file: C:/Users/Cliff/Desktop/Important docs/Schoolwork/SDSU/Computer Engineering/COMPE 475/COMPE475_PipelineProcessor\vivado.jou
#-----------------------------------------------------------
start_gui
open_project {C:/Users/Cliff/Desktop/Important docs/Schoolwork/SDSU/Computer Engineering/COMPE 475/COMPE475_PipelineProcessor/COMPE475_PipelineProcessor.xpr}
INFO: [ProjectBase 1-489] The host OS only allows 260 characters in a normal path. The project is stored in a path with more than 80 characters. If you experience issues with IP, Block Designs, or files not being found, please consider moving the project to a location with a shorter path. Alternately consider using the OS subst command to map part of the path to a drive letter.
Current project path is 'C:/Users/Cliff/Desktop/Important docs/Schoolwork/SDSU/Computer Engineering/COMPE 475/COMPE475_PipelineProcessor'
Scanning sources...
Finished scanning sources
INFO: [IP_Flow 19-234] Refreshing IP repositories
INFO: [IP_Flow 19-1704] No user IP repositories specified
INFO: [IP_Flow 19-2313] Loaded Vivado IP repository 'C:/Xilinx/Vivado/2019.1/data/ip'.
open_project: Time (s): cpu = 00:00:10 ; elapsed = 00:00:18 . Memory (MB): peak = 679.422 ; gain = 92.727
update_compile_order -fileset sources_1
close [ open {C:/Users/Cliff/Desktop/Important docs/Schoolwork/SDSU/Computer Engineering/COMPE 475/COMPE475_PipelineProcessor/COMPE475_PipelineProcessor.srcs/sources_1/new/PIP_REG_IFtoID.v} w ]
add_files {{C:/Users/Cliff/Desktop/Important docs/Schoolwork/SDSU/Computer Engineering/COMPE 475/COMPE475_PipelineProcessor/COMPE475_PipelineProcessor.srcs/sources_1/new/PIP_REG_IFtoID.v}}
update_compile_order -fileset sources_1
export_ip_user_files -of_objects  [get_files {{C:/Users/Cliff/Desktop/Important docs/Schoolwork/SDSU/Computer Engineering/COMPE 475/COMPE475_PipelineProcessor/COMPE475_PipelineProcessor.srcs/sources_1/new/PIP_REG_ID.v}}] -no_script -reset -force -quiet
remove_files  {{C:/Users/Cliff/Desktop/Important docs/Schoolwork/SDSU/Computer Engineering/COMPE 475/COMPE475_PipelineProcessor/COMPE475_PipelineProcessor.srcs/sources_1/new/PIP_REG_ID.v}}
file delete -force {C:/Users/Cliff/Desktop/Important docs/Schoolwork/SDSU/Computer Engineering/COMPE 475/COMPE475_PipelineProcessor/COMPE475_PipelineProcessor.srcs/sources_1/new/PIP_REG_ID.v}
close [ open {C:/Users/Cliff/Desktop/Important docs/Schoolwork/SDSU/Computer Engineering/COMPE 475/COMPE475_PipelineProcessor/COMPE475_PipelineProcessor.srcs/sources_1/new/PIP_REG_IDtoEX.v} w ]
add_files {{C:/Users/Cliff/Desktop/Important docs/Schoolwork/SDSU/Computer Engineering/COMPE 475/COMPE475_PipelineProcessor/COMPE475_PipelineProcessor.srcs/sources_1/new/PIP_REG_IDtoEX.v}}
update_compile_order -fileset sources_1
close [ open {C:/Users/Cliff/Desktop/Important docs/Schoolwork/SDSU/Computer Engineering/COMPE 475/COMPE475_PipelineProcessor/COMPE475_PipelineProcessor.srcs/sources_1/new/EQ.v} w ]
add_files {{C:/Users/Cliff/Desktop/Important docs/Schoolwork/SDSU/Computer Engineering/COMPE 475/COMPE475_PipelineProcessor/COMPE475_PipelineProcessor.srcs/sources_1/new/EQ.v}}
update_compile_order -fileset sources_1
close [ open {C:/Users/Cliff/Desktop/Important docs/Schoolwork/SDSU/Computer Engineering/COMPE 475/COMPE475_PipelineProcessor/COMPE475_PipelineProcessor.srcs/sources_1/new/PIP_REG_EXtoMEM.v} w ]
add_files {{C:/Users/Cliff/Desktop/Important docs/Schoolwork/SDSU/Computer Engineering/COMPE 475/COMPE475_PipelineProcessor/COMPE475_PipelineProcessor.srcs/sources_1/new/PIP_REG_EXtoMEM.v}}
update_compile_order -fileset sources_1
close [ open {C:/Users/Cliff/Desktop/Important docs/Schoolwork/SDSU/Computer Engineering/COMPE 475/COMPE475_PipelineProcessor/COMPE475_PipelineProcessor.srcs/sources_1/new/PIP_REG_MEMtoWB.v} w ]
add_files {{C:/Users/Cliff/Desktop/Important docs/Schoolwork/SDSU/Computer Engineering/COMPE 475/COMPE475_PipelineProcessor/COMPE475_PipelineProcessor.srcs/sources_1/new/PIP_REG_MEMtoWB.v}}
update_compile_order -fileset sources_1
close [ open {C:/Users/Cliff/Desktop/Important docs/Schoolwork/SDSU/Computer Engineering/COMPE 475/COMPE475_PipelineProcessor/COMPE475_PipelineProcessor.srcs/sources_1/new/MUX_2b.v} w ]
add_files {{C:/Users/Cliff/Desktop/Important docs/Schoolwork/SDSU/Computer Engineering/COMPE 475/COMPE475_PipelineProcessor/COMPE475_PipelineProcessor.srcs/sources_1/new/MUX_2b.v}}
update_compile_order -fileset sources_1
close [ open {C:/Users/Cliff/Desktop/Important docs/Schoolwork/SDSU/Computer Engineering/COMPE 475/COMPE475_PipelineProcessor/COMPE475_PipelineProcessor.srcs/sources_1/new/HAZ.v} w ]
add_files {{C:/Users/Cliff/Desktop/Important docs/Schoolwork/SDSU/Computer Engineering/COMPE 475/COMPE475_PipelineProcessor/COMPE475_PipelineProcessor.srcs/sources_1/new/HAZ.v}}
update_compile_order -fileset sources_1
export_ip_user_files -of_objects  [get_files {{C:/Users/Cliff/Desktop/Important docs/Schoolwork/SDSU/Computer Engineering/COMPE 475/COMPE475_PipelineProcessor/COMPE475_PipelineProcessor.srcs/sim_1/new/tb.v}}] -no_script -reset -force -quiet
remove_files  -fileset sim_1 {{C:/Users/Cliff/Desktop/Important docs/Schoolwork/SDSU/Computer Engineering/COMPE 475/COMPE475_PipelineProcessor/COMPE475_PipelineProcessor.srcs/sim_1/new/tb.v}}
file delete -force {C:/Users/Cliff/Desktop/Important docs/Schoolwork/SDSU/Computer Engineering/COMPE 475/COMPE475_PipelineProcessor/COMPE475_PipelineProcessor.srcs/sim_1/new/tb.v}
set_property SOURCE_SET sources_1 [get_filesets sim_1]
close [ open {C:/Users/Cliff/Desktop/Important docs/Schoolwork/SDSU/Computer Engineering/COMPE 475/COMPE475_PipelineProcessor/COMPE475_PipelineProcessor.srcs/sim_1/new/tb_PipelineProcessor.v} w ]
add_files -fileset sim_1 {{C:/Users/Cliff/Desktop/Important docs/Schoolwork/SDSU/Computer Engineering/COMPE 475/COMPE475_PipelineProcessor/COMPE475_PipelineProcessor.srcs/sim_1/new/tb_PipelineProcessor.v}}
update_compile_order -fileset sim_1
update_compile_order -fileset sim_1
close [ open {C:/Users/Cliff/Desktop/Important docs/Schoolwork/SDSU/Computer Engineering/COMPE 475/COMPE475_PipelineProcessor/COMPE475_PipelineProcessor.srcs/sources_1/new/ALU_adder.v} w ]
add_files {{C:/Users/Cliff/Desktop/Important docs/Schoolwork/SDSU/Computer Engineering/COMPE 475/COMPE475_PipelineProcessor/COMPE475_PipelineProcessor.srcs/sources_1/new/ALU_adder.v}}
update_compile_order -fileset sources_1
exit
INFO: [Common 17-206] Exiting Vivado at Sun Nov 10 22:16:30 2019...
