#
# A fatal error has been detected by the Java Runtime Environment:
#
#  EXCEPTION_ACCESS_VIOLATION (0xc0000005) at pc=0x000007fea25a1439, pid=1924, tid=7856
#
# JRE version: Java(TM) SE Runtime Environment (9.0+11) (build 9.0.4+11)
# Java VM: Java HotSpot(TM) 64-Bit Server VM (9.0.4+11, mixed mode, tiered, compressed oops, g1 gc, windows-amd64)
# Problematic frame:
# C  0x000007fea25a1439
#
# No core dump will be written. Minidumps are not enabled by default on client versions of Windows
#
# If you would like to submit a bug report, please visit:
#   http://bugreport.java.com/bugreport/crash.jsp
# The crash happened outside the Java Virtual Machine in native code.
# See problematic frame for where to report the bug.
#

---------------  S U M M A R Y ------------

Command Line: -Dsun.java2d.pmoffscreen=false -Dsun.java2d.xrender=false -Dsun.java2d.d3d=false -Dsun.awt.nopixfmt=true -Dsun.java2d.dpiaware=true -Dsun.java2d.uiScale.enabled=false -Xverify:none -Dswing.aatext=true -XX:-UsePerfData -Djdk.map.althashing.threshold=512 -XX:StringTableSize=4072 --add-opens=java.base/java.nio=ALL-UNNAMED --add-opens=java.desktop/sun.swing=ALL-UNNAMED --add-opens=java.desktop/javax.swing=ALL-UNNAMED --add-opens=java.desktop/javax.swing.tree=ALL-UNNAMED --add-opens=java.desktop/javax.swing.plaf.basic=ALL-UNNAMED --add-opens=java.desktop/javax.swing.plaf.synth=ALL-UNNAMED --add-opens=java.desktop/com.sun.awt=ALL-UNNAMED -XX:NewSize=60m -XX:MaxNewSize=60m -Xms128m -Xmx3072m -Xss5m 

Host: Intel(R) Core(TM) i5-4460  CPU @ 3.20GHz, 4 cores, 11G,  Windows 7 , 64 bit Build 7601 (6.1.7601.24535)
Time: Wed Nov 13 23:40:47 2019 Pacific Standard Time elapsed time: 12076 seconds (0d 3h 21m 16s)

---------------  T H R E A D  ---------------

Current thread (0x0000000009dfb800):  JavaThread "AWT-EventQueue-0" [_thread_in_native, id=7856, stack(0x00000000370a0000,0x00000000375a0000)]

Stack: [0x00000000370a0000,0x00000000375a0000],  sp=0x0000000037594670,  free space=5073k
Native frames: (J=compiled Java code, j=interpreted, Vv=VM code, C=native code)
C  0x000007fea25a1439
C  0x000007fea25b5107
C  0x000007fea25b4e12
C  0x000007fea259ac06
C  0x000007fea2735e90
C  0x000007fea2758744
C  0x000007fea27f1cce
C  0x000007fea27f1bef
C  0x000007fea281cb0a
C  0x000007fea281aede
C  0x000007fea287873b
C  0x000007fea287a153
C  0x000007fea2852ea0
C  0x000007fea2852f1d
C  0x000007fea2852fc1
C  0x000007fea28795c4
C  0x000007fea2849546
C  0x000007fea2849315
C  0x000007fea2885c1f
C  0x0000000026c14123

Java frames: (J=compiled Java code, j=interpreted, Vv=VM code)
J 24793  ui.views.waveform.waveformi.WVExecutive_getGraphicsDataSize(J)J (0 bytes) @ 0x0000000026c140a1 [0x0000000026c14060+0x0000000000000041]
J 24792 c1 ui.views.waveform.executive.a.gEt()Ljava/io/ByteArrayInputStream; (93 bytes) @ 0x000000002076a924 [0x000000002076a840+0x00000000000000e4]
J 24791 c1 ui.views.waveform.b.a.gEf()V (142 bytes) @ 0x0000000020786d34 [0x0000000020786c20+0x0000000000000114]
J 23934 c1 ui.views.waveform.w.cRi()V (38 bytes) @ 0x000000001f94d464 [0x000000001f94cd00+0x0000000000000764]
J 23480 c1 ui.views.waveform.c.b.j(Lui/frmwork/b/i;)V (603 bytes) @ 0x00000000213dab4c [0x00000000213d14a0+0x00000000000096ac]
J 23479 c1 ui.views.waveform.w.a(Lui/frmwork/b/i;)V (17 bytes) @ 0x00000000213cf414 [0x00000000213cf340+0x00000000000000d4]
J 20189 c1 ui.frmwork.b.l.d(Lui/frmwork/b/i;)V (61 bytes) @ 0x000000002062469c [0x0000000020623e40+0x000000000000085c]
J 20164 c1 ui.frmwork.HTclEventBroker.i(JZ)V (471 bytes) @ 0x000000002079b02c [0x0000000020796840+0x00000000000047ec]
J 20185 c1 ui.frmwork.HTclEventBroker.fireTclEvent(J)I (113 bytes) @ 0x00000000206753cc [0x0000000020674bc0+0x000000000000080c]
v  ~StubRoutines::call_stub
j  ui.views.waveform.waveformi.WVExecutive_processModelEvent(JJ)V+0
j  ui.views.waveform.executive.a.eE(J)V+5
j  ui.views.waveform.c.b.eD(J)V+8
J 23480 c1 ui.views.waveform.c.b.j(Lui/frmwork/b/i;)V (603 bytes) @ 0x00000000213db884 [0x00000000213d14a0+0x000000000000a3e4]
J 23479 c1 ui.views.waveform.w.a(Lui/frmwork/b/i;)V (17 bytes) @ 0x00000000213cf414 [0x00000000213cf340+0x00000000000000d4]
J 20189 c1 ui.frmwork.b.l.d(Lui/frmwork/b/i;)V (61 bytes) @ 0x000000002062469c [0x0000000020623e40+0x000000000000085c]
J 20164 c1 ui.frmwork.HTclEventBroker.i(JZ)V (471 bytes) @ 0x000000002079b02c [0x0000000020796840+0x00000000000047ec]
J 23415 c1 ui.frmwork.HTclEventBroker$$Lambda$205.run()V (12 bytes) @ 0x0000000021395edc [0x0000000021395e00+0x00000000000000dc]
J 12305 c2 java.awt.EventQueue$3.run()Ljava/lang/Object; java.desktop@9.0.4 (5 bytes) @ 0x000000002677eb0c [0x000000002677e800+0x000000000000030c]
v  ~StubRoutines::call_stub
J 4255  java.security.AccessController.doPrivileged(Ljava/security/PrivilegedAction;Ljava/security/AccessControlContext;)Ljava/lang/Object; java.base@9.0.4 (0 bytes) @ 0x0000000025fe2946 [0x0000000025fe28e0+0x0000000000000066]
J 12298 c2 ui.frmwork.b.d.dispatchEvent(Ljava/awt/AWTEvent;)V (34 bytes) @ 0x000000002676beec [0x000000002676b8e0+0x000000000000060c]
J 23729 c2 java.awt.EventDispatchThread.pumpOneEventForFilters(I)V java.desktop@9.0.4 (218 bytes) @ 0x000000002618f6bc [0x000000002618f380+0x000000000000033c]
J 24819 c2 java.awt.EventDispatchThread.pumpEventsForFilter(ILjava/awt/Conditional;Ljava/awt/EventFilter;)V java.desktop@9.0.4 (47 bytes) @ 0x0000000026ce400c [0x0000000026ce3e60+0x00000000000001ac]
j  java.awt.EventDispatchThread.pumpEventsForFilter(Ljava/awt/Conditional;Ljava/awt/EventFilter;)V+4 java.desktop@9.0.4
j  java.awt.WaitDispatchSupport$2.run()V+59 java.desktop@9.0.4
j  java.awt.WaitDispatchSupport$4.run()Ljava/lang/Void;+4 java.desktop@9.0.4
j  java.awt.WaitDispatchSupport$4.run()Ljava/lang/Object;+1 java.desktop@9.0.4
v  ~StubRoutines::call_stub
J 1035  java.security.AccessController.doPrivileged(Ljava/security/PrivilegedAction;)Ljava/lang/Object; java.base@9.0.4 (0 bytes) @ 0x0000000025e15bb2 [0x0000000025e15b60+0x0000000000000052]
j  java.awt.WaitDispatchSupport.enter()Z+260 java.desktop@9.0.4
j  java.awt.Dialog.show()V+225 java.desktop@9.0.4
J 25391 c1 java.awt.Window.setVisible(Z)V java.desktop@9.0.4 (6 bytes) @ 0x000000001e8c8884 [0x000000001e8c8660+0x0000000000000224]
j  java.awt.Dialog.setVisible(Z)V+2 java.desktop@9.0.4
j  ui.b.c.g.setVisible(Z)V+2
j  ui.b.c.by.showDialog()V+64
j  ui.b.c.bF.actionPerformed(Ljava/awt/event/ActionEvent;)V+8
j  ui.b.c.by.cJI()V+396
j  ui.views.c.t.b.a.run()V+60
j  ui.frmwork.a.dWF()Z+66
j  ui.frmwork.V.dYl()V+42
j  ui.bk.actionPerformed(Ljava/awt/event/ActionEvent;)V+25
j  javax.swing.AbstractButton.fireActionPerformed(Ljava/awt/event/ActionEvent;)V+84 java.desktop@9.0.4
j  ui.utils.o.b.B.fireActionPerformed(Ljava/awt/event/ActionEvent;)V+7
j  javax.swing.AbstractButton$Handler.actionPerformed(Ljava/awt/event/ActionEvent;)V+5 java.desktop@9.0.4
j  javax.swing.DefaultButtonModel.fireActionPerformed(Ljava/awt/event/ActionEvent;)V+34 java.desktop@9.0.4
J 25167 c1 javax.swing.DefaultButtonModel.setPressed(Z)V java.desktop@9.0.4 (125 bytes) @ 0x0000000020b64ec4 [0x0000000020b64000+0x0000000000000ec4]
j  javax.swing.plaf.basic.BasicButtonListener.mouseReleased(Ljava/awt/event/MouseEvent;)V+35 java.desktop@9.0.4
j  com.jidesoft.plaf.basic.BasicJideButtonListener.mouseReleased(Ljava/awt/event/MouseEvent;)V+61
J 14616 c1 java.awt.AWTEventMulticaster.mouseReleased(Ljava/awt/event/MouseEvent;)V java.desktop@9.0.4 (27 bytes) @ 0x0000000020b2180c [0x0000000020b21600+0x000000000000020c]
J 14616 c1 java.awt.AWTEventMulticaster.mouseReleased(Ljava/awt/event/MouseEvent;)V java.desktop@9.0.4 (27 bytes) @ 0x0000000020b2180c [0x0000000020b21600+0x000000000000020c]
J 14616 c1 java.awt.AWTEventMulticaster.mouseReleased(Ljava/awt/event/MouseEvent;)V java.desktop@9.0.4 (27 bytes) @ 0x0000000020b2180c [0x0000000020b21600+0x000000000000020c]
J 23644 c2 javax.swing.JComponent.processMouseEvent(Ljava/awt/event/MouseEvent;)V java.desktop@9.0.4 (27 bytes) @ 0x0000000027677288 [0x00000000276770a0+0x00000000000001e8]
J 12006 c2 java.awt.Container.processEvent(Ljava/awt/AWTEvent;)V java.desktop@9.0.4 (22 bytes) @ 0x00000000266f4a40 [0x00000000266f4920+0x0000000000000120]
J 25446 c2 java.awt.Component.dispatchEventImpl(Ljava/awt/AWTEvent;)V java.desktop@9.0.4 (739 bytes) @ 0x0000000027077ba4 [0x0000000027077300+0x00000000000008a4]
J 24620 c2 java.awt.Container.dispatchEventImpl(Ljava/awt/AWTEvent;)V java.desktop@9.0.4 (129 bytes) @ 0x00000000264bcc64 [0x00000000264bcc00+0x0000000000000064]
J 22859 c2 java.awt.LightweightDispatcher.retargetMouseEvent(Ljava/awt/Component;ILjava/awt/event/MouseEvent;)V java.desktop@9.0.4 (350 bytes) @ 0x0000000026596158 [0x0000000026595be0+0x0000000000000578]
J 13928 c2 java.awt.LightweightDispatcher.processMouseEvent(Ljava/awt/event/MouseEvent;)Z java.desktop@9.0.4 (265 bytes) @ 0x00000000260f386c [0x00000000260f30c0+0x00000000000007ac]
J 24620 c2 java.awt.Container.dispatchEventImpl(Ljava/awt/AWTEvent;)V java.desktop@9.0.4 (129 bytes) @ 0x00000000264bd6d8 [0x00000000264bcc00+0x0000000000000ad8]
J 24640 c2 java.awt.Window.dispatchEventImpl(Ljava/awt/AWTEvent;)V java.desktop@9.0.4 (23 bytes) @ 0x0000000026163f8c [0x0000000026163f40+0x000000000000004c]
J 12305 c2 java.awt.EventQueue$3.run()Ljava/lang/Object; java.desktop@9.0.4 (5 bytes) @ 0x000000002677e9bc [0x000000002677e800+0x00000000000001bc]
v  ~StubRoutines::call_stub
J 4255  java.security.AccessController.doPrivileged(Ljava/security/PrivilegedAction;Ljava/security/AccessControlContext;)Ljava/lang/Object; java.base@9.0.4 (0 bytes) @ 0x0000000025fe2946 [0x0000000025fe28e0+0x0000000000000066]
J 13916 c2 java.awt.EventQueue$4.run()Ljava/lang/Object; java.desktop@9.0.4 (5 bytes) @ 0x0000000026078f28 [0x0000000026078ce0+0x0000000000000248]
v  ~StubRoutines::call_stub
J 4255  java.security.AccessController.doPrivileged(Ljava/security/PrivilegedAction;Ljava/security/AccessControlContext;)Ljava/lang/Object; java.base@9.0.4 (0 bytes) @ 0x0000000025fe2946 [0x0000000025fe28e0+0x0000000000000066]
J 12298 c2 ui.frmwork.b.d.dispatchEvent(Ljava/awt/AWTEvent;)V (34 bytes) @ 0x000000002676bd08 [0x000000002676b8e0+0x0000000000000428]
J 23729 c2 java.awt.EventDispatchThread.pumpOneEventForFilters(I)V java.desktop@9.0.4 (218 bytes) @ 0x000000002618f6bc [0x000000002618f380+0x000000000000033c]
J 16171% c2 java.awt.EventDispatchThread.pumpEventsForFilter(ILjava/awt/Conditional;Ljava/awt/EventFilter;)V java.desktop@9.0.4 (47 bytes) @ 0x0000000026c30f40 [0x0000000026c30e40+0x0000000000000100]
j  java.awt.EventDispatchThread.pumpEventsForHierarchy(ILjava/awt/Conditional;Ljava/awt/Component;)V+11 java.desktop@9.0.4
j  java.awt.EventDispatchThread.pumpEvents(ILjava/awt/Conditional;)V+4 java.desktop@9.0.4
j  java.awt.EventDispatchThread.pumpEvents(Ljava/awt/Conditional;)V+3 java.desktop@9.0.4
j  java.awt.EventDispatchThread.run()V+9 java.desktop@9.0.4
v  ~StubRoutines::call_stub

siginfo: EXCEPTION_ACCESS_VIOLATION (0xc0000005), reading address 0x0000000000000044


Register to memory mapping:

RIP=0x000007fea25a1439 is an unknown value
RAX=0x0000000035a7ca40 is an unknown value
RBX=0x000000003ec45cb0 is an unknown value
RCX=0x0000000000000000 is an unknown value
RDX=0x00000000435a6e60 is an unknown value
RSP=0x0000000037594670 is pointing into the stack for thread: 0x0000000009dfb800
RBP=0x0000000037594810 is pointing into the stack for thread: 0x0000000009dfb800
RSI=0x0000000000000000 is an unknown value
RDI=0x00000000375947d0 is pointing into the stack for thread: 0x0000000009dfb800
R8 =0x0000000037594710 is pointing into the stack for thread: 0x0000000009dfb800
R9 =0x0000000035a7ca40 is an unknown value
R10=0x000000003ec499a0 is an unknown value
R11=0x000045220006001c is an unknown value
R12=0x000000003aafae70 is an unknown value
R13=0x0000000000000001 is an unknown value
R14=0x00000000435a6e60 is an unknown value
R15=0x0000000037594710 is pointing into the stack for thread: 0x0000000009dfb800


Registers:
RAX=0x0000000035a7ca40, RBX=0x000000003ec45cb0, RCX=0x0000000000000000, RDX=0x00000000435a6e60
RSP=0x0000000037594670, RBP=0x0000000037594810, RSI=0x0000000000000000, RDI=0x00000000375947d0
R8 =0x0000000037594710, R9 =0x0000000035a7ca40, R10=0x000000003ec499a0, R11=0x000045220006001c
R12=0x000000003aafae70, R13=0x0000000000000001, R14=0x00000000435a6e60, R15=0x0000000037594710
RIP=0x000007fea25a1439, EFLAGS=0x0000000000010202

Top of Stack: (sp=0x0000000037594670)
0x0000000037594670:   0000000037594da0 0000000000000000
0x0000000037594680:   0000000000000000 000000003aafae70
0x0000000037594690:   000000003ec45cb0 0000000000000002
0x00000000375946a0:   fffffffffffffffe 000007fef4459216
0x00000000375946b0:   ffffffff00000002 00000000000004f8
0x00000000375946c0:   0000000037594da0 0000000000002000
0x00000000375946d0:   00000000375947d0 000007fea25b5107
0x00000000375946e0:   000000003ec45cb0 000000003ec45cb0
0x00000000375946f0:   0000000035a7ca40 0000000046f86328
0x0000000037594700:   000000003ec45cb0 000007fea25b4e12
0x0000000037594710:   000000003ec45cb0 0000000046f86300
0x0000000037594720:   0000000000000002 0000000046f86300
0x0000000037594730:   0000000046f86300 0000000000000784
0x0000000037594740:   0000000000002438 000000003aafae70
0x0000000037594750:   0000000700000005 0000000046f862b0
0x0000000037594760:   0000000000000001 0000000000000000 

Instructions: (pc=0x000007fea25a1439)
0x000007fea25a1419:   50 48 c7 44 24 30 fe ff ff ff 48 89 5c 24 78 48
0x000007fea25a1429:   89 b4 24 80 00 00 00 4d 8b f8 4c 8b f2 48 8b f1
0x000007fea25a1439:   83 79 44 00 75 07 33 c0 e9 da 00 00 00 33 db 39
0x000007fea25a1449:   59 44 75 04 8b c3 eb 06 48 8b 41 48 8b 00 8b d0 



---------------  P R O C E S S  ---------------

Java Threads: ( => current thread )
  0x0000000009fe7800 JavaThread "Relaunch Simulation" [_thread_blocked, id=5188, stack(0x000000004c0f0000,0x000000004c5f0000)]
  0x000000003b445000 JavaThread "Monitor File Timestamp Swing Worker" [_thread_blocked, id=4596, stack(0x0000000049480000,0x0000000049980000)]
  0x000000003b442800 JavaThread "Timer-16" [_thread_blocked, id=4560, stack(0x0000000044480000,0x0000000044980000)]
  0x000000003b446800 JavaThread "SyntheticaAnimation 50" daemon [_thread_blocked, id=11220, stack(0x0000000049ae0000,0x0000000049fe0000)]
  0x000000003b443800 JavaThread "Image Animator 0" daemon [_thread_blocked, id=10848, stack(0x00000000420b0000,0x00000000425b0000)]
  0x000000003b442000 JavaThread "SyntheticaAnimation 50" daemon [_thread_blocked, id=10828, stack(0x00000000449e0000,0x0000000044ee0000)]
  0x000000003b440800 JavaThread "Update Runs Swing Worker" [_thread_blocked, id=8204, stack(0x00000000425e0000,0x0000000042ae0000)]
  0x0000000009fe9000 JavaThread "hw_ila_monitor" [_thread_blocked, id=7172, stack(0x0000000041520000,0x0000000041a20000)]
  0x0000000009fe7000 JavaThread "Refresh Filesets Swing Worker" [_thread_blocked, id=6556, stack(0x0000000040f70000,0x0000000041470000)]
  0x0000000009fe8800 JavaThread "SyntheticaAnimation 70" daemon [_thread_blocked, id=8940, stack(0x000000003fa20000,0x000000003ff20000)]
  0x0000000009fe5800 JavaThread "SyntheticaAnimation 25" daemon [_thread_blocked, id=2296, stack(0x000000003d830000,0x000000003dd30000)]
  0x0000000009fe6000 JavaThread "SyntheticaAnimation 50" daemon [_thread_blocked, id=6540, stack(0x000000003c4a0000,0x000000003c9a0000)]
  0x0000000009fe4000 JavaThread "Monitor HEventQueue" [_thread_blocked, id=6572, stack(0x000000003bf40000,0x000000003c440000)]
  0x0000000009fe4800 JavaThread "SyntheticaCleanerThread" daemon [_thread_blocked, id=7008, stack(0x000000003a500000,0x000000003aa00000)]
  0x0000000009fe3000 JavaThread "Batik CleanerThread" daemon [_thread_blocked, id=8476, stack(0x0000000038410000,0x0000000038910000)]
  0x0000000032075800 JavaThread "Process Messages" [_thread_blocked, id=3064, stack(0x0000000037d40000,0x0000000038240000)]
  0x0000000032305800 JavaThread "Thread-1" [_thread_in_native, id=7448, stack(0x00000000043a0000,0x00000000057a0000)]
=>0x0000000009dfb800 JavaThread "AWT-EventQueue-0" [_thread_in_native, id=7856, stack(0x00000000370a0000,0x00000000375a0000)]
  0x0000000031e8e000 JavaThread "AWT-Shutdown" [_thread_blocked, id=7940, stack(0x0000000036b20000,0x0000000037020000)]
  0x0000000031de1000 JavaThread "TimerQueue" daemon [_thread_blocked, id=5624, stack(0x0000000036040000,0x0000000036540000)]
  0x0000000032012800 JavaThread "AWT-Windows" daemon [_thread_in_native, id=8436, stack(0x00000000337a0000,0x0000000033ca0000)]
  0x0000000009e67000 JavaThread "Java2D Disposer" daemon [_thread_blocked, id=9968, stack(0x0000000032c00000,0x0000000033100000)]
  0x0000000009ff2800 JavaThread "Service Thread" daemon [_thread_blocked, id=7260, stack(0x00000000315e0000,0x0000000031ae0000)]
  0x0000000009858800 JavaThread "Common-Cleaner" daemon [_thread_blocked, id=6348, stack(0x0000000031040000,0x0000000031540000)]
  0x00000000099cf800 JavaThread "Sweeper thread" daemon [_thread_blocked, id=1436, stack(0x0000000030a90000,0x0000000030f90000)]
  0x000000000bbc8000 JavaThread "C1 CompilerThread2" daemon [_thread_blocked, id=1748, stack(0x0000000011e50000,0x0000000011f50000)]
  0x000000000bbc7000 JavaThread "C2 CompilerThread1" daemon [_thread_blocked, id=9032, stack(0x0000000011c90000,0x0000000011d90000)]
  0x0000000010144000 JavaThread "C2 CompilerThread0" daemon [_thread_blocked, id=9688, stack(0x0000000011b70000,0x0000000011c70000)]
  0x0000000010143800 JavaThread "Attach Listener" daemon [_thread_blocked, id=7784, stack(0x00000000303f0000,0x00000000308f0000)]
  0x000000000b122800 JavaThread "Signal Dispatcher" daemon [_thread_blocked, id=7840, stack(0x00000000115b0000,0x0000000011ab0000)]
  0x000000000fb05800 JavaThread "Finalizer" daemon [_thread_blocked, id=9756, stack(0x0000000011050000,0x0000000011550000)]
  0x0000000008676000 JavaThread "Reference Handler" daemon [_thread_blocked, id=8596, stack(0x0000000010a70000,0x0000000010f70000)]
  0x000000000e7c8000 JavaThread "main" [_thread_blocked, id=9500, stack(0x0000000003340000,0x0000000003440000)]

Other Threads:
  0x0000000008675800 VMThread "VM Thread" [stack: 0x000000000eeb0000,0x000000000efb0000] [id=7808]
  0x0000000009776000 WatcherThread [stack: 0x000000001de40000,0x000000001df40000] [id=10208]
  0x0000000009c7e800 GCTaskThread "GC Thread#0" [stack: 0x0000000003a90000,0x0000000003b90000] [id=9656]
  0x000000000baf4000 GCTaskThread "GC Thread#1" [stack: 0x0000000004240000,0x0000000004340000] [id=9696]
  0x000000000baf5000 GCTaskThread "GC Thread#2" [stack: 0x0000000005800000,0x0000000005900000] [id=8712]
  0x000000000baf5800 GCTaskThread "GC Thread#3" [stack: 0x0000000005950000,0x0000000005a50000] [id=5556]
  0x000000000dd94000 ConcurrentGCThread "G1 Main Marker" [stack: 0x000000000d600000,0x000000000d700000] [id=7264]
  0x000000000baf6000 ConcurrentGCThread "G1 Marker#0" [stack: 0x000000000d8c0000,0x000000000d9c0000] [id=4696]
  0x0000000008544000 ConcurrentGCThread "G1 Refine#0" [stack: 0x000000000bce0000,0x000000000bde0000] [id=9724]
  0x0000000009a1a000 ConcurrentGCThread "G1 Refine#1" [stack: 0x00000000078e0000,0x00000000079e0000] [id=8072]
  0x00000000036bb000 ConcurrentGCThread "G1 Refine#2" [stack: 0x00000000075d0000,0x00000000076d0000] [id=9520]
  0x000000000e6cb000 ConcurrentGCThread "G1 Refine#3" [stack: 0x0000000007750000,0x0000000007850000] [id=8096]
  0x000000000997a000 ConcurrentGCThread "G1 Young RemSet Sampling" [stack: 0x0000000007a10000,0x0000000007b10000] [id=4708]

Threads with active compile tasks:

VM state:not at safepoint (normal execution)

VM Mutex/Monitor currently owned by a thread: None

Heap address: 0x0000000700000000, size: 3072 MB, Compressed Oops mode: Zero based, Oop shift amount: 3
Narrow klass base: 0x0000000000000000, Narrow klass shift: 3
Compressed class space size: 1073741824 Address: 0x00000007c0000000

Heap:
 garbage-first heap   total 167936K, used 124857K [0x0000000700000000, 0x0000000700100520, 0x00000007c0000000)
  region size 1024K, 47 young (48128K), 0 survivors (0K)
 Metaspace       used 82678K, capacity 84479K, committed 89856K, reserved 1126400K
  class space    used 10525K, capacity 10918K, committed 12032K, reserved 1048576K
Heap Regions: E=young(eden), S=young(survivor), O=old, HS=humongous(starts), HC=humongous(continues), CS=collection set, F=free, A=archive, TS=gc time stamp, AC=allocation context, TAMS=top-at-mark-start (previous, next)
|   0|0x0000000700000000, 0x00000007000e5d00, 0x0000000700100000| 89%| O|  |TS  0|AC  0|TAMS 0x0000000700000000, 0x0000000700000000|
|   1|0x0000000700100000, 0x0000000700200000, 0x0000000700200000|100%|HS|  |TS  0|AC  0|TAMS 0x0000000700100000, 0x0000000700100000|
|   2|0x0000000700200000, 0x0000000700300000, 0x0000000700300000|100%|HC|  |TS  0|AC  0|TAMS 0x0000000700200000, 0x0000000700200000|
|   3|0x0000000700300000, 0x0000000700400000, 0x0000000700400000|100%|HS|  |TS  0|AC  0|TAMS 0x0000000700300000, 0x0000000700300000|
|   4|0x0000000700400000, 0x00000007004f7090, 0x0000000700500000| 96%| O|  |TS  0|AC  0|TAMS 0x0000000700400000, 0x0000000700400000|
|   5|0x0000000700500000, 0x00000007005fda10, 0x0000000700600000| 99%| O|  |TS  0|AC  0|TAMS 0x0000000700500000, 0x0000000700500000|
|   6|0x0000000700600000, 0x00000007006fffd8, 0x0000000700700000| 99%| O|  |TS  0|AC  0|TAMS 0x0000000700600000, 0x0000000700600000|
|   7|0x0000000700700000, 0x0000000700800000, 0x0000000700800000|100%| O|  |TS  0|AC  0|TAMS 0x0000000700700000, 0x0000000700700000|
|   8|0x0000000700800000, 0x0000000700900000, 0x0000000700900000|100%| O|  |TS  0|AC  0|TAMS 0x0000000700800000, 0x0000000700800000|
|   9|0x0000000700900000, 0x00000007009ee200, 0x0000000700a00000| 93%| O|  |TS  0|AC  0|TAMS 0x0000000700900000, 0x0000000700900000|
|  10|0x0000000700a00000, 0x0000000700aee758, 0x0000000700b00000| 93%| O|  |TS  0|AC  0|TAMS 0x0000000700a00000, 0x0000000700a00000|
|  11|0x0000000700b00000, 0x0000000700bc74e0, 0x0000000700c00000| 77%| O|  |TS  0|AC  0|TAMS 0x0000000700b00000, 0x0000000700b00000|
|  12|0x0000000700c00000, 0x0000000700cc03a0, 0x0000000700d00000| 75%| O|  |TS  0|AC  0|TAMS 0x0000000700c00000, 0x0000000700c00000|
|  13|0x0000000700d00000, 0x0000000700dfe268, 0x0000000700e00000| 99%| O|  |TS  0|AC  0|TAMS 0x0000000700d00000, 0x0000000700d00000|
|  14|0x0000000700e00000, 0x0000000700efffe0, 0x0000000700f00000| 99%| O|  |TS  0|AC  0|TAMS 0x0000000700e00000, 0x0000000700e00000|
|  15|0x0000000700f00000, 0x0000000700ffffe8, 0x0000000701000000| 99%| O|  |TS  0|AC  0|TAMS 0x0000000700f00000, 0x0000000700f00000|
|  16|0x0000000701000000, 0x0000000701100000, 0x0000000701100000|100%| O|  |TS  0|AC  0|TAMS 0x0000000701000000, 0x0000000701000000|
|  17|0x0000000701100000, 0x00000007011fffe0, 0x0000000701200000| 99%| O|  |TS  0|AC  0|TAMS 0x0000000701100000, 0x0000000701100000|
|  18|0x0000000701200000, 0x00000007012f8528, 0x0000000701300000| 97%| O|  |TS  0|AC  0|TAMS 0x0000000701200000, 0x0000000701200000|
|  19|0x0000000701300000, 0x00000007013ffff0, 0x0000000701400000| 99%| O|  |TS  0|AC  0|TAMS 0x0000000701300000, 0x0000000701300000|
|  20|0x0000000701400000, 0x00000007014ffdc8, 0x0000000701500000| 99%| O|  |TS  0|AC  0|TAMS 0x0000000701400000, 0x0000000701400000|
|  21|0x0000000701500000, 0x0000000701600000, 0x0000000701600000|100%| O|  |TS  0|AC  0|TAMS 0x0000000701500000, 0x0000000701500000|
|  22|0x0000000701600000, 0x00000007016ffff0, 0x0000000701700000| 99%| O|  |TS  0|AC  0|TAMS 0x0000000701600000, 0x0000000701600000|
|  23|0x0000000701700000, 0x00000007017ffff0, 0x0000000701800000| 99%| O|  |TS  0|AC  0|TAMS 0x0000000701700000, 0x0000000701700000|
|  24|0x0000000701800000, 0x00000007018ffff8, 0x0000000701900000| 99%| O|  |TS  0|AC  0|TAMS 0x0000000701800000, 0x0000000701800000|
|  25|0x0000000701900000, 0x00000007019ffff0, 0x0000000701a00000| 99%| O|  |TS  0|AC  0|TAMS 0x0000000701900000, 0x0000000701900000|
|  26|0x0000000701a00000, 0x0000000701b00000, 0x0000000701b00000|100%| O|  |TS  0|AC  0|TAMS 0x0000000701a00000, 0x0000000701a00000|
|  27|0x0000000701b00000, 0x0000000701bffdf0, 0x0000000701c00000| 99%| O|  |TS  0|AC  0|TAMS 0x0000000701b00000, 0x0000000701b00000|
|  28|0x0000000701c00000, 0x0000000701cffe70, 0x0000000701d00000| 99%| O|  |TS  0|AC  0|TAMS 0x0000000701c00000, 0x0000000701c00000|
|  29|0x0000000701d00000, 0x0000000701dfff08, 0x0000000701e00000| 99%| O|  |TS  0|AC  0|TAMS 0x0000000701d00000, 0x0000000701d00000|
|  30|0x0000000701e00000, 0x0000000701effff8, 0x0000000701f00000| 99%| O|  |TS  0|AC  0|TAMS 0x0000000701e00000, 0x0000000701e00000|
|  31|0x0000000701f00000, 0x0000000701ffffe8, 0x0000000702000000| 99%| O|  |TS  0|AC  0|TAMS 0x0000000701f00000, 0x0000000701f00000|
|  32|0x0000000702000000, 0x00000007020fffd8, 0x0000000702100000| 99%| O|  |TS  0|AC  0|TAMS 0x0000000702000000, 0x0000000702000000|
|  33|0x0000000702100000, 0x00000007021ffff8, 0x0000000702200000| 99%| O|  |TS  0|AC  0|TAMS 0x0000000702100000, 0x0000000702100000|
|  34|0x0000000702200000, 0x00000007022ffff0, 0x0000000702300000| 99%| O|  |TS  0|AC  0|TAMS 0x0000000702200000, 0x0000000702200000|
|  35|0x0000000702300000, 0x00000007023ffe50, 0x0000000702400000| 99%| O|  |TS  0|AC  0|TAMS 0x0000000702300000, 0x0000000702300000|
|  36|0x0000000702400000, 0x0000000702500000, 0x0000000702500000|100%| O|  |TS  0|AC  0|TAMS 0x0000000702400000, 0x0000000702400000|
|  37|0x0000000702500000, 0x00000007025ffff0, 0x0000000702600000| 99%| O|  |TS  0|AC  0|TAMS 0x0000000702500000, 0x0000000702500000|
|  38|0x0000000702600000, 0x00000007026ffef8, 0x0000000702700000| 99%| O|  |TS  0|AC  0|TAMS 0x0000000702600000, 0x0000000702600000|
|  39|0x0000000702700000, 0x00000007027ffdc0, 0x0000000702800000| 99%| O|  |TS  0|AC  0|TAMS 0x0000000702700000, 0x0000000702700000|
|  40|0x0000000702800000, 0x00000007028fffe8, 0x0000000702900000| 99%| O|  |TS  0|AC  0|TAMS 0x0000000702800000, 0x0000000702800000|
|  41|0x0000000702900000, 0x0000000702a00000, 0x0000000702a00000|100%| O|  |TS  0|AC  0|TAMS 0x0000000702900000, 0x0000000702900000|
|  42|0x0000000702a00000, 0x0000000702af4340, 0x0000000702b00000| 95%| O|  |TS  0|AC  0|TAMS 0x0000000702a00000, 0x0000000702a00000|
|  43|0x0000000702b00000, 0x0000000702c00000, 0x0000000702c00000|100%| O|  |TS  0|AC  0|TAMS 0x0000000702b00000, 0x0000000702b00000|
|  44|0x0000000702c00000, 0x0000000702d00000, 0x0000000702d00000|100%|HS|  |TS  0|AC  0|TAMS 0x0000000702c00000, 0x0000000702c00000|
|  45|0x0000000702d00000, 0x0000000702e00000, 0x0000000702e00000|100%|HC|  |TS  0|AC  0|TAMS 0x0000000702d00000, 0x0000000702d00000|
|  46|0x0000000702e00000, 0x0000000702f00000, 0x0000000702f00000|100%|HC|  |TS  0|AC  0|TAMS 0x0000000702e00000, 0x0000000702e00000|
|  47|0x0000000702f00000, 0x0000000703000000, 0x0000000703000000|100%|HC|  |TS  0|AC  0|TAMS 0x0000000702f00000, 0x0000000702f00000|
|  48|0x0000000703000000, 0x0000000703100000, 0x0000000703100000|100%|HC|  |TS  0|AC  0|TAMS 0x0000000703000000, 0x0000000703000000|
|  49|0x0000000703100000, 0x0000000703200000, 0x0000000703200000|100%|HC|  |TS  0|AC  0|TAMS 0x0000000703100000, 0x0000000703100000|
|  50|0x0000000703200000, 0x0000000703300000, 0x0000000703300000|100%|HC|  |TS  0|AC  0|TAMS 0x0000000703200000, 0x0000000703200000|
|  51|0x0000000703300000, 0x0000000703400000, 0x0000000703400000|100%|HC|  |TS  0|AC  0|TAMS 0x0000000703300000, 0x0000000703300000|
|  52|0x0000000703400000, 0x00000007034ffff8, 0x0000000703500000| 99%| O|  |TS  0|AC  0|TAMS 0x0000000703400000, 0x0000000703400000|
|  53|0x0000000703500000, 0x00000007035fff20, 0x0000000703600000| 99%| O|  |TS  0|AC  0|TAMS 0x0000000703500000, 0x0000000703500000|
|  54|0x0000000703600000, 0x00000007036ffff0, 0x0000000703700000| 99%| O|  |TS  0|AC  0|TAMS 0x0000000703600000, 0x0000000703600000|
|  55|0x0000000703700000, 0x00000007037fffe8, 0x0000000703800000| 99%| O|  |TS  0|AC  0|TAMS 0x0000000703700000, 0x0000000703700000|
|  56|0x0000000703800000, 0x00000007038ffff0, 0x0000000703900000| 99%| O|  |TS  0|AC  0|TAMS 0x0000000703800000, 0x0000000703800000|
|  57|0x0000000703900000, 0x00000007039ffec0, 0x0000000703a00000| 99%| O|  |TS  0|AC  0|TAMS 0x0000000703900000, 0x0000000703900000|
|  58|0x0000000703a00000, 0x0000000703affff0, 0x0000000703b00000| 99%| O|  |TS  0|AC  0|TAMS 0x0000000703a00000, 0x0000000703a00000|
|  59|0x0000000703b00000, 0x0000000703bffff8, 0x0000000703c00000| 99%| O|  |TS  0|AC  0|TAMS 0x0000000703b00000, 0x0000000703b00000|
|  60|0x0000000703c00000, 0x0000000703cfffe8, 0x0000000703d00000| 99%| O|  |TS  0|AC  0|TAMS 0x0000000703c00000, 0x0000000703c00000|
|  61|0x0000000703d00000, 0x0000000703dfffd0, 0x0000000703e00000| 99%| O|  |TS  0|AC  0|TAMS 0x0000000703d00000, 0x0000000703d00000|
|  62|0x0000000703e00000, 0x0000000703effff0, 0x0000000703f00000| 99%| O|  |TS  0|AC  0|TAMS 0x0000000703e00000, 0x0000000703e00000|
|  63|0x0000000703f00000, 0x0000000704000000, 0x0000000704000000|100%| O|  |TS  0|AC  0|TAMS 0x0000000703f00000, 0x0000000703f00000|
|  64|0x0000000704000000, 0x00000007040fff98, 0x0000000704100000| 99%| O|  |TS  0|AC  0|TAMS 0x0000000704000000, 0x0000000704000000|
|  65|0x0000000704100000, 0x00000007041c60b8, 0x0000000704200000| 77%| O|  |TS  0|AC  0|TAMS 0x0000000704100000, 0x0000000704100000|
|  66|0x0000000704200000, 0x0000000704200000, 0x0000000704300000|  0%| F|  |TS  0|AC  0|TAMS 0x0000000704200000, 0x0000000704200000|
|  67|0x0000000704300000, 0x0000000704400000, 0x0000000704400000|100%|HS|  |TS  0|AC  0|TAMS 0x0000000704300000, 0x0000000704300000|
|  68|0x0000000704400000, 0x0000000704500000, 0x0000000704500000|100%|HC|  |TS  0|AC  0|TAMS 0x0000000704400000, 0x0000000704400000|
|  69|0x0000000704500000, 0x0000000704600000, 0x0000000704600000|100%|HC|  |TS  0|AC  0|TAMS 0x0000000704500000, 0x0000000704500000|
|  70|0x0000000704600000, 0x0000000704700000, 0x0000000704700000|100%|HC|  |TS  0|AC  0|TAMS 0x0000000704600000, 0x0000000704600000|
|  71|0x0000000704700000, 0x0000000704800000, 0x0000000704800000|100%|HC|  |TS  0|AC  0|TAMS 0x0000000704700000, 0x0000000704700000|
|  72|0x0000000704800000, 0x0000000704900000, 0x0000000704900000|100%|HC|  |TS  0|AC  0|TAMS 0x0000000704800000, 0x0000000704800000|
|  73|0x0000000704900000, 0x0000000704a00000, 0x0000000704a00000|100%|HC|  |TS  0|AC  0|TAMS 0x0000000704900000, 0x0000000704900000|
|  74|0x0000000704a00000, 0x0000000704b00000, 0x0000000704b00000|100%|HC|  |TS  0|AC  0|TAMS 0x0000000704a00000, 0x0000000704a00000|
|  75|0x0000000704b00000, 0x0000000704c00000, 0x0000000704c00000|100%|HS|  |TS  0|AC  0|TAMS 0x0000000704b00000, 0x0000000704b00000|
|  76|0x0000000704c00000, 0x0000000704d00000, 0x0000000704d00000|100%|HC|  |TS  0|AC  0|TAMS 0x0000000704c00000, 0x0000000704c00000|
|  77|0x0000000704d00000, 0x0000000704d00000, 0x0000000704e00000|  0%| F|  |TS  0|AC  0|TAMS 0x0000000704d00000, 0x0000000704d00000|
|  78|0x0000000704e00000, 0x0000000704f00000, 0x0000000704f00000|100%|HS|  |TS  0|AC  0|TAMS 0x0000000704e00000, 0x0000000704e00000|
|  79|0x0000000704f00000, 0x0000000704f00000, 0x0000000705000000|  0%| F|  |TS  0|AC  0|TAMS 0x0000000704f00000, 0x0000000704f00000|
|  80|0x0000000705000000, 0x0000000705000000, 0x0000000705100000|  0%| F|  |TS  0|AC  0|TAMS 0x0000000705000000, 0x0000000705000000|
|  81|0x0000000705100000, 0x0000000705100000, 0x0000000705200000|  0%| F|  |TS  0|AC  0|TAMS 0x0000000705100000, 0x0000000705100000|
|  82|0x0000000705200000, 0x0000000705200000, 0x0000000705300000|  0%| F|  |TS  0|AC  0|TAMS 0x0000000705200000, 0x0000000705200000|
|  83|0x0000000705300000, 0x0000000705300000, 0x0000000705400000|  0%| F|  |TS  0|AC  0|TAMS 0x0000000705300000, 0x0000000705300000|
|  84|0x0000000705400000, 0x0000000705400000, 0x0000000705500000|  0%| F|  |TS  0|AC  0|TAMS 0x0000000705400000, 0x0000000705400000|
|  85|0x0000000705500000, 0x0000000705500000, 0x0000000705600000|  0%| F|  |TS  0|AC  0|TAMS 0x0000000705500000, 0x0000000705500000|
|  86|0x0000000705600000, 0x0000000705600000, 0x0000000705700000|  0%| F|  |TS  0|AC  0|TAMS 0x0000000705600000, 0x0000000705600000|
|  87|0x0000000705700000, 0x0000000705700000, 0x0000000705800000|  0%| F|  |TS  0|AC  0|TAMS 0x0000000705700000, 0x0000000705700000|
|  88|0x0000000705800000, 0x0000000705800000, 0x0000000705900000|  0%| F|  |TS  0|AC  0|TAMS 0x0000000705800000, 0x0000000705800000|
|  89|0x0000000705900000, 0x0000000705900000, 0x0000000705a00000|  0%| F|  |TS  0|AC  0|TAMS 0x0000000705900000, 0x0000000705900000|
|  90|0x0000000705a00000, 0x0000000705a00000, 0x0000000705b00000|  0%| F|  |TS  0|AC  0|TAMS 0x0000000705a00000, 0x0000000705a00000|
|  91|0x0000000705b00000, 0x0000000705b00000, 0x0000000705c00000|  0%| F|  |TS  0|AC  0|TAMS 0x0000000705b00000, 0x0000000705b00000|
|  92|0x0000000705c00000, 0x0000000705c00000, 0x0000000705d00000|  0%| F|  |TS  0|AC  0|TAMS 0x0000000705c00000, 0x0000000705c00000|
|  93|0x0000000705d00000, 0x0000000705d00000, 0x0000000705e00000|  0%| F|  |TS  0|AC  0|TAMS 0x0000000705d00000, 0x0000000705d00000|
|  94|0x0000000705e00000, 0x0000000705e00000, 0x0000000705f00000|  0%| F|  |TS  0|AC  0|TAMS 0x0000000705e00000, 0x0000000705e00000|
|  95|0x0000000705f00000, 0x0000000705f00000, 0x0000000706000000|  0%| F|  |TS  0|AC  0|TAMS 0x0000000705f00000, 0x0000000705f00000|
|  96|0x0000000706000000, 0x0000000706000000, 0x0000000706100000|  0%| F|  |TS  0|AC  0|TAMS 0x0000000706000000, 0x0000000706000000|
|  97|0x0000000706100000, 0x0000000706100000, 0x0000000706200000|  0%| F|  |TS  0|AC  0|TAMS 0x0000000706100000, 0x0000000706100000|
|  98|0x0000000706200000, 0x0000000706200000, 0x0000000706300000|  0%| F|  |TS  0|AC  0|TAMS 0x0000000706200000, 0x0000000706200000|
|  99|0x0000000706300000, 0x0000000706300000, 0x0000000706400000|  0%| F|  |TS  0|AC  0|TAMS 0x0000000706300000, 0x0000000706300000|
| 100|0x0000000706400000, 0x0000000706400000, 0x0000000706500000|  0%| F|  |TS  0|AC  0|TAMS 0x0000000706400000, 0x0000000706400000|
| 101|0x0000000706500000, 0x0000000706500000, 0x0000000706600000|  0%| F|  |TS  0|AC  0|TAMS 0x0000000706500000, 0x0000000706500000|
| 102|0x0000000706600000, 0x0000000706600000, 0x0000000706700000|  0%| F|  |TS  0|AC  0|TAMS 0x0000000706600000, 0x0000000706600000|
| 103|0x0000000706700000, 0x0000000706700000, 0x0000000706800000|  0%| F|  |TS  0|AC  0|TAMS 0x0000000706700000, 0x0000000706700000|
| 104|0x0000000706800000, 0x0000000706800000, 0x0000000706900000|  0%| F|  |TS  0|AC  0|TAMS 0x0000000706800000, 0x0000000706800000|
| 105|0x0000000706900000, 0x0000000706900000, 0x0000000706a00000|  0%| F|  |TS  0|AC  0|TAMS 0x0000000706900000, 0x0000000706900000|
| 106|0x0000000706a00000, 0x0000000706a00000, 0x0000000706b00000|  0%| F|  |TS  0|AC  0|TAMS 0x0000000706a00000, 0x0000000706a00000|
| 107|0x0000000706b00000, 0x0000000706b00000, 0x0000000706c00000|  0%| F|  |TS  0|AC  0|TAMS 0x0000000706b00000, 0x0000000706b00000|
| 108|0x0000000706c00000, 0x0000000706c00000, 0x0000000706d00000|  0%| F|  |TS  0|AC  0|TAMS 0x0000000706c00000, 0x0000000706c00000|
| 109|0x0000000706d00000, 0x0000000706d00000, 0x0000000706e00000|  0%| F|  |TS  0|AC  0|TAMS 0x0000000706d00000, 0x0000000706d00000|
| 110|0x0000000706e00000, 0x0000000706e00000, 0x0000000706f00000|  0%| F|  |TS  0|AC  0|TAMS 0x0000000706e00000, 0x0000000706e00000|
| 111|0x0000000706f00000, 0x0000000706f00000, 0x0000000707000000|  0%| F|  |TS  0|AC  0|TAMS 0x0000000706f00000, 0x0000000706f00000|
| 112|0x0000000707000000, 0x0000000707000000, 0x0000000707100000|  0%| F|  |TS  0|AC  0|TAMS 0x0000000707000000, 0x0000000707000000|
| 113|0x0000000707100000, 0x0000000707100000, 0x0000000707200000|  0%| F|  |TS  0|AC  0|TAMS 0x0000000707100000, 0x0000000707100000|
| 114|0x0000000707200000, 0x0000000707200000, 0x0000000707300000|  0%| F|  |TS  0|AC  0|TAMS 0x0000000707200000, 0x0000000707200000|
| 115|0x0000000707300000, 0x0000000707300000, 0x0000000707400000|  0%| F|  |TS  0|AC  0|TAMS 0x0000000707300000, 0x0000000707300000|
| 116|0x0000000707400000, 0x0000000707400000, 0x0000000707500000|  0%| F|  |TS  0|AC  0|TAMS 0x0000000707400000, 0x0000000707400000|
| 117|0x0000000707500000, 0x00000007075321e8, 0x0000000707600000| 19%| E|  |TS  0|AC  0|TAMS 0x0000000707500000, 0x0000000707500000|
| 118|0x0000000707600000, 0x0000000707700000, 0x0000000707700000|100%| E|CS|TS  0|AC  0|TAMS 0x0000000707600000, 0x0000000707600000|
| 119|0x0000000707700000, 0x0000000707800000, 0x0000000707800000|100%| E|CS|TS  0|AC  0|TAMS 0x0000000707700000, 0x0000000707700000|
| 120|0x0000000707800000, 0x0000000707900000, 0x0000000707900000|100%| E|CS|TS  0|AC  0|TAMS 0x0000000707800000, 0x0000000707800000|
| 121|0x0000000707900000, 0x0000000707a00000, 0x0000000707a00000|100%| E|CS|TS  0|AC  0|TAMS 0x0000000707900000, 0x0000000707900000|
| 122|0x0000000707a00000, 0x0000000707b00000, 0x0000000707b00000|100%| E|CS|TS  0|AC  0|TAMS 0x0000000707a00000, 0x0000000707a00000|
| 123|0x0000000707b00000, 0x0000000707c00000, 0x0000000707c00000|100%| E|CS|TS  0|AC  0|TAMS 0x0000000707b00000, 0x0000000707b00000|
| 124|0x0000000707c00000, 0x0000000707d00000, 0x0000000707d00000|100%| E|CS|TS  0|AC  0|TAMS 0x0000000707c00000, 0x0000000707c00000|
| 125|0x0000000707d00000, 0x0000000707e00000, 0x0000000707e00000|100%| E|CS|TS  0|AC  0|TAMS 0x0000000707d00000, 0x0000000707d00000|
| 126|0x0000000707e00000, 0x0000000707f00000, 0x0000000707f00000|100%| E|CS|TS  0|AC  0|TAMS 0x0000000707e00000, 0x0000000707e00000|
| 127|0x0000000707f00000, 0x0000000708000000, 0x0000000708000000|100%| E|CS|TS  0|AC  0|TAMS 0x0000000707f00000, 0x0000000707f00000|
| 128|0x0000000708000000, 0x0000000708100000, 0x0000000708100000|100%| E|CS|TS  0|AC  0|TAMS 0x0000000708000000, 0x0000000708000000|
| 129|0x0000000708100000, 0x0000000708200000, 0x0000000708200000|100%| E|CS|TS  0|AC  0|TAMS 0x0000000708100000, 0x0000000708100000|
| 130|0x0000000708200000, 0x0000000708300000, 0x0000000708300000|100%| E|CS|TS  0|AC  0|TAMS 0x0000000708200000, 0x0000000708200000|
| 131|0x0000000708300000, 0x0000000708400000, 0x0000000708400000|100%| E|CS|TS  0|AC  0|TAMS 0x0000000708300000, 0x0000000708300000|
| 132|0x0000000708400000, 0x0000000708500000, 0x0000000708500000|100%| E|CS|TS  0|AC  0|TAMS 0x0000000708400000, 0x0000000708400000|
| 133|0x0000000708500000, 0x0000000708600000, 0x0000000708600000|100%| E|CS|TS  0|AC  0|TAMS 0x0000000708500000, 0x0000000708500000|
| 134|0x0000000708600000, 0x0000000708700000, 0x0000000708700000|100%| E|CS|TS  0|AC  0|TAMS 0x0000000708600000, 0x0000000708600000|
| 135|0x0000000708700000, 0x0000000708800000, 0x0000000708800000|100%| E|CS|TS  0|AC  0|TAMS 0x0000000708700000, 0x0000000708700000|
| 136|0x0000000708800000, 0x0000000708900000, 0x0000000708900000|100%| E|CS|TS  0|AC  0|TAMS 0x0000000708800000, 0x0000000708800000|
| 137|0x0000000708900000, 0x0000000708a00000, 0x0000000708a00000|100%| E|CS|TS  0|AC  0|TAMS 0x0000000708900000, 0x0000000708900000|
| 138|0x0000000708a00000, 0x0000000708b00000, 0x0000000708b00000|100%| E|CS|TS  0|AC  0|TAMS 0x0000000708a00000, 0x0000000708a00000|
| 139|0x0000000708b00000, 0x0000000708c00000, 0x0000000708c00000|100%| E|CS|TS  0|AC  0|TAMS 0x0000000708b00000, 0x0000000708b00000|
| 140|0x0000000708c00000, 0x0000000708d00000, 0x0000000708d00000|100%| E|CS|TS  0|AC  0|TAMS 0x0000000708c00000, 0x0000000708c00000|
| 141|0x0000000708d00000, 0x0000000708e00000, 0x0000000708e00000|100%| E|CS|TS  0|AC  0|TAMS 0x0000000708d00000, 0x0000000708d00000|
| 142|0x0000000708e00000, 0x0000000708f00000, 0x0000000708f00000|100%| E|CS|TS  0|AC  0|TAMS 0x0000000708e00000, 0x0000000708e00000|
| 143|0x0000000708f00000, 0x0000000709000000, 0x0000000709000000|100%| E|CS|TS  0|AC  0|TAMS 0x0000000708f00000, 0x0000000708f00000|
| 144|0x0000000709000000, 0x0000000709100000, 0x0000000709100000|100%| E|CS|TS  0|AC  0|TAMS 0x0000000709000000, 0x0000000709000000|
| 145|0x0000000709100000, 0x0000000709200000, 0x0000000709200000|100%| E|CS|TS  0|AC  0|TAMS 0x0000000709100000, 0x0000000709100000|
| 146|0x0000000709200000, 0x0000000709300000, 0x0000000709300000|100%| E|CS|TS  0|AC  0|TAMS 0x0000000709200000, 0x0000000709200000|
| 147|0x0000000709300000, 0x0000000709400000, 0x0000000709400000|100%| E|CS|TS  0|AC  0|TAMS 0x0000000709300000, 0x0000000709300000|
| 148|0x0000000709400000, 0x0000000709500000, 0x0000000709500000|100%| E|CS|TS  0|AC  0|TAMS 0x0000000709400000, 0x0000000709400000|
| 149|0x0000000709500000, 0x0000000709600000, 0x0000000709600000|100%| E|CS|TS  0|AC  0|TAMS 0x0000000709500000, 0x0000000709500000|
| 150|0x0000000709600000, 0x0000000709700000, 0x0000000709700000|100%| E|CS|TS  0|AC  0|TAMS 0x0000000709600000, 0x0000000709600000|
| 151|0x0000000709700000, 0x0000000709800000, 0x0000000709800000|100%| E|CS|TS  0|AC  0|TAMS 0x0000000709700000, 0x0000000709700000|
| 152|0x0000000709800000, 0x0000000709900000, 0x0000000709900000|100%| E|CS|TS  0|AC  0|TAMS 0x0000000709800000, 0x0000000709800000|
| 153|0x0000000709900000, 0x0000000709a00000, 0x0000000709a00000|100%| E|CS|TS  0|AC  0|TAMS 0x0000000709900000, 0x0000000709900000|
| 154|0x0000000709a00000, 0x0000000709b00000, 0x0000000709b00000|100%| E|CS|TS  0|AC  0|TAMS 0x0000000709a00000, 0x0000000709a00000|
| 155|0x0000000709b00000, 0x0000000709c00000, 0x0000000709c00000|100%| E|CS|TS  0|AC  0|TAMS 0x0000000709b00000, 0x0000000709b00000|
| 156|0x0000000709c00000, 0x0000000709d00000, 0x0000000709d00000|100%| E|CS|TS  0|AC  0|TAMS 0x0000000709c00000, 0x0000000709c00000|
| 157|0x0000000709d00000, 0x0000000709e00000, 0x0000000709e00000|100%| E|CS|TS  0|AC  0|TAMS 0x0000000709d00000, 0x0000000709d00000|
| 158|0x0000000709e00000, 0x0000000709f00000, 0x0000000709f00000|100%| E|CS|TS  0|AC  0|TAMS 0x0000000709e00000, 0x0000000709e00000|
| 159|0x0000000709f00000, 0x000000070a000000, 0x000000070a000000|100%| E|CS|TS  0|AC  0|TAMS 0x0000000709f00000, 0x0000000709f00000|
| 160|0x000000070a000000, 0x000000070a100000, 0x000000070a100000|100%| E|CS|TS  0|AC  0|TAMS 0x000000070a000000, 0x000000070a000000|
| 161|0x000000070a100000, 0x000000070a200000, 0x000000070a200000|100%| E|CS|TS  0|AC  0|TAMS 0x000000070a100000, 0x000000070a100000|
| 162|0x000000070a200000, 0x000000070a300000, 0x000000070a300000|100%| E|CS|TS  0|AC  0|TAMS 0x000000070a200000, 0x000000070a200000|
| 163|0x000000070a300000, 0x000000070a400000, 0x000000070a400000|100%| E|CS|TS  0|AC  0|TAMS 0x000000070a300000, 0x000000070a300000|

Card table byte_map: [0x000000000c9e0000,0x000000000cfe0000] byte_map_base: 0x00000000091e0000

Marking Bits (Prev, Next): (CMBitMap*) 0x0000000010084938, (CMBitMap*) 0x0000000010084900
 Prev Bits: [0x000000002d2f0000, 0x00000000302f0000)
 Next Bits: [0x0000000018db0000, 0x000000001bdb0000)

Polling page: 0x0000000000320000

CodeHeap 'non-profiled nmethods': size=120064Kb used=25776Kb max_used=25776Kb free=94287Kb
 bounds [0x0000000025db0000, 0x00000000276f0000, 0x000000002d2f0000]
CodeHeap 'profiled nmethods': size=120000Kb used=42251Kb max_used=44492Kb free=77748Kb
 bounds [0x000000001e880000, 0x0000000021460000, 0x0000000025db0000]
CodeHeap 'non-nmethods': size=5696Kb used=1761Kb max_used=1817Kb free=3934Kb
 bounds [0x000000001e2f0000, 0x000000001e560000, 0x000000001e880000]
 total_blobs=38386 nmethods=18673 adapters=1101
 compilation: enabled

Compilation events (10 events):
Event: 12069.602 Thread 0x000000000bbc8000 25625       3       ui.utils.m::log (8 bytes)
Event: 12069.603 Thread 0x000000000bbc8000 nmethod 25625 0x000000001f563b90 code [0x000000001f563d80, 0x000000001f5642f8]
Event: 12069.935 Thread 0x000000000bbc8000 25626       1       javax.swing.tree.DefaultMutableTreeNode::setUserObject (6 bytes)
Event: 12069.935 Thread 0x000000000bbc8000 nmethod 25626 0x00000000276e2990 code [0x00000000276e2b40, 0x00000000276e2cb0]
Event: 12069.935 Thread 0x000000000bbc8000 25627       3       ui.frmwork.d.b::edF (24 bytes)
Event: 12069.936 Thread 0x000000000bbc8000 nmethod 25627 0x000000001f5dca10 code [0x000000001f5dcc20, 0x000000001f5dd0a8]
Event: 12069.936 Thread 0x000000000bbc8000 25628       3       ui.frmwork.d.b::bIs (11 bytes)
Event: 12069.936 Thread 0x000000000bbc8000 nmethod 25628 0x000000001f4ded10 code [0x000000001f4deee0, 0x000000001f4df098]
Event: 12072.501 Thread 0x000000000bbc8000 25629       3       ui.frmwork.d.e::eec (18 bytes)
Event: 12072.502 Thread 0x000000000bbc8000 nmethod 25629 0x000000001f647d10 code [0x000000001f647f00, 0x000000001f648368]

GC Heap History (10 events):
Event: 12060.441 GC heap before
{Heap before GC invocations=982 (full 95):
 garbage-first heap   total 167936K, used 113909K [0x0000000700000000, 0x0000000700100520, 0x00000007c0000000)
  region size 1024K, 37 young (37888K), 1 survivors (1024K)
 Metaspace       used 82618K, capacity 84411K, committed 89856K, reserved 1126400K
  class space    used 10525K, capacity 10918K, committed 12032K, reserved 1048576K
}
Event: 12060.445 GC heap after
{Heap after GC invocations=983 (full 95):
 garbage-first heap   total 167936K, used 78045K [0x0000000700000000, 0x0000000700100520, 0x00000007c0000000)
  region size 1024K, 1 young (1024K), 1 survivors (1024K)
 Metaspace       used 82618K, capacity 84411K, committed 89856K, reserved 1126400K
  class space    used 10525K, capacity 10918K, committed 12032K, reserved 1048576K
}
Event: 12060.807 GC heap before
{Heap before GC invocations=984 (full 95):
 garbage-first heap   total 167936K, used 132317K [0x0000000700000000, 0x0000000700100520, 0x00000007c0000000)
  region size 1024K, 55 young (56320K), 1 survivors (1024K)
 Metaspace       used 82621K, capacity 84411K, committed 89856K, reserved 1126400K
  class space    used 10525K, capacity 10918K, committed 12032K, reserved 1048576K
}
Event: 12060.810 GC heap after
{Heap after GC invocations=985 (full 95):
 garbage-first heap   total 167936K, used 78385K [0x0000000700000000, 0x0000000700100520, 0x00000007c0000000)
  region size 1024K, 1 young (1024K), 1 survivors (1024K)
 Metaspace       used 82621K, capacity 84411K, committed 89856K, reserved 1126400K
  class space    used 10525K, capacity 10918K, committed 12032K, reserved 1048576K
}
Event: 12063.560 GC heap before
{Heap before GC invocations=986 (full 95):
 garbage-first heap   total 167936K, used 139825K [0x0000000700000000, 0x0000000700100520, 0x00000007c0000000)
  region size 1024K, 60 young (61440K), 1 survivors (1024K)
 Metaspace       used 82623K, capacity 84411K, committed 89856K, reserved 1126400K
  class space    used 10525K, capacity 10918K, committed 12032K, reserved 1048576K
}
Event: 12063.563 GC heap after
{Heap after GC invocations=987 (full 95):
 garbage-first heap   total 167936K, used 78773K [0x0000000700000000, 0x0000000700100520, 0x00000007c0000000)
  region size 1024K, 2 young (2048K), 2 survivors (2048K)
 Metaspace       used 82623K, capacity 84411K, committed 89856K, reserved 1126400K
  class space    used 10525K, capacity 10918K, committed 12032K, reserved 1048576K
}
Event: 12063.743 GC heap before
{Heap before GC invocations=987 (full 95):
 garbage-first heap   total 167936K, used 98229K [0x0000000700000000, 0x0000000700100520, 0x00000007c0000000)
  region size 1024K, 22 young (22528K), 2 survivors (2048K)
 Metaspace       used 82646K, capacity 84475K, committed 89856K, reserved 1126400K
  class space    used 10525K, capacity 10918K, committed 12032K, reserved 1048576K
}
Event: 12063.746 GC heap after
{Heap after GC invocations=988 (full 95):
 garbage-first heap   total 167936K, used 78611K [0x0000000700000000, 0x0000000700100520, 0x00000007c0000000)
  region size 1024K, 2 young (2048K), 2 survivors (2048K)
 Metaspace       used 82646K, capacity 84475K, committed 89856K, reserved 1126400K
  class space    used 10525K, capacity 10918K, committed 12032K, reserved 1048576K
}
Event: 12068.694 GC heap before
{Heap before GC invocations=989 (full 95):
 garbage-first heap   total 167936K, used 125715K [0x0000000700000000, 0x0000000700100520, 0x00000007c0000000)
  region size 1024K, 48 young (49152K), 2 survivors (2048K)
 Metaspace       used 82652K, capacity 84479K, committed 89856K, reserved 1126400K
  class space    used 10525K, capacity 10918K, committed 12032K, reserved 1048576K
}
Event: 12068.901 GC heap after
{Heap after GC invocations=990 (full 96):
 garbage-first heap   total 167936K, used 77753K [0x0000000700000000, 0x0000000700100520, 0x00000007c0000000)
  region size 1024K, 0 young (0K), 0 survivors (0K)
 Metaspace       used 82652K, capacity 84479K, committed 89856K, reserved 1126400K
  class space    used 10525K, capacity 10918K, committed 12032K, reserved 1048576K
}

Deoptimization events (10 events):
Event: 11954.307 Thread 0x0000000009dfb800 Uncommon trap: reason=bimorphic_or_optimized_type_check action=maybe_recompile pc=0x000000002676ec0c method=com.jidesoft.swing.JideSwingUtilities.getButtonState(Ljavax/swing/AbstractButton;)I @ 37 c2
Event: 11954.307 Thread 0x0000000009dfb800 Uncommon trap: reason=class_check action=maybe_recompile pc=0x00000000264f67d4 method=com.jidesoft.plaf.basic.BasicJideButtonUI.getIcon(Ljavax/swing/AbstractButton;)Ljavax/swing/Icon; @ 91 c2
Event: 11954.330 Thread 0x0000000009dfb800 Uncommon trap: reason=unstable_if action=reinterpret pc=0x000000002738dd18 method=javax.swing.plaf.synth.SynthGraphicsUtils.paintText(Ljavax/swing/plaf/synth/SynthContext;Ljava/awt/Graphics;Ljava/lang/String;Ljavax/swing/Icon;IIIIIII)V @ 6 c2
Event: 11954.333 Thread 0x0000000009dfb800 Uncommon trap: reason=unstable_if action=reinterpret pc=0x000000002676ea9c method=com.jidesoft.swing.JideSwingUtilities.getButtonState(Ljavax/swing/AbstractButton;)I @ 102 c2
Event: 11954.333 Thread 0x0000000009dfb800 Uncommon trap: reason=unstable_if action=reinterpret pc=0x00000000264f6750 method=com.jidesoft.plaf.basic.BasicJideButtonUI.getIcon(Ljavax/swing/AbstractButton;)Ljavax/swing/Icon; @ 166 c2
Event: 11954.342 Thread 0x0000000009dfb800 Uncommon trap: reason=bimorphic_or_optimized_type_check action=maybe_recompile pc=0x0000000026ab345c method=com.jidesoft.swing.DefaultOverlayable.setOverlayVisible(Z)V @ 30 c2
Event: 11954.344 Thread 0x0000000009dfb800 Uncommon trap: reason=unstable_if action=reinterpret pc=0x0000000026f5c040 method=javax.swing.text.PlainView.paint(Ljava/awt/Graphics;Ljava/awt/Shape;)V @ 106 c2
Event: 11954.344 Thread 0x0000000009dfb800 Uncommon trap: reason=unstable_if action=reinterpret pc=0x0000000026baf2f8 method=javax.swing.text.DefaultCaret.paint(Ljava/awt/Graphics;)V @ 4 c2
Event: 11954.344 Thread 0x0000000009dfb800 Uncommon trap: reason=unstable_if action=reinterpret pc=0x0000000026a62e8c method=sun.java2d.SunGraphics2D.setColor(Ljava/awt/Color;)V @ 1 c2
Event: 11954.961 Thread 0x0000000009dfb800 Uncommon trap: reason=bimorphic_or_optimized_type_check action=maybe_recompile pc=0x0000000026ab345c method=com.jidesoft.swing.DefaultOverlayable.setOverlayVisible(Z)V @ 30 c2

Classes redefined (0 events):
No events

Internal exceptions (10 events):
Event: 8647.845 Thread 0x0000000009dfb800 Exception <a 'sun/nio/fs/WindowsException'{0x0000000708080b30}> (0x0000000708080b30) thrown at [t:/workspace/hotspot/src/share/vm/prims/jni.cpp, line 604]
Event: 8669.952 Thread 0x0000000009dfb800 Implicit null exception at 0x0000000027161d3d to 0x0000000027163121
Event: 8671.597 Thread 0x0000000009dfb800 Exception <a 'java/lang/NoSuchMethodError'{0x0000000706a1ed50}: method resolution failed> (0x0000000706a1ed50) thrown at [t:/workspace/hotspot/src/share/vm/prims/methodHandles.cpp, line 1256]
Event: 8674.086 Thread 0x0000000009dfb800 Implicit null exception at 0x0000000026ad484c to 0x0000000026ad80e5
Event: 10398.146 Thread 0x000000003b43f800 Exception <a 'java/lang/InterruptedException'{0x00000007070b2468}: sleep interrupted> (0x00000007070b2468) thrown at [t:/workspace/hotspot/src/share/vm/prims/jvm.cpp, line 3023]
Event: 10793.128 Thread 0x000000003b445000 Exception <a 'java/lang/InterruptedException'{0x0000000707c91ec8}: sleep interrupted> (0x0000000707c91ec8) thrown at [t:/workspace/hotspot/src/share/vm/prims/jvm.cpp, line 3023]
Event: 10983.990 Thread 0x000000003b445000 Exception <a 'java/lang/InterruptedException'{0x0000000707800040}: sleep interrupted> (0x0000000707800040) thrown at [t:/workspace/hotspot/src/share/vm/prims/jvm.cpp, line 3023]
Event: 11157.021 Thread 0x000000003b445000 Exception <a 'java/lang/InterruptedException'{0x00000007092b4b58}: sleep interrupted> (0x00000007092b4b58) thrown at [t:/workspace/hotspot/src/share/vm/prims/jvm.cpp, line 3023]
Event: 11449.956 Thread 0x000000003b445000 Exception <a 'java/lang/InterruptedException'{0x0000000708780840}: sleep interrupted> (0x0000000708780840) thrown at [t:/workspace/hotspot/src/share/vm/prims/jvm.cpp, line 3023]
Event: 11553.778 Thread 0x0000000009dfb800 Exception <a 'java/awt/IllegalComponentStateException'{0x0000000708f16cc0}> (0x0000000708f16cc0) thrown at [t:/workspace/hotspot/src/share/vm/prims/jvm.cpp, line 1314]

Events (10 events):
Event: 12071.926 Thread 0x0000000009fea000 Thread added: 0x0000000009fea000
Event: 12071.930 Thread 0x0000000009fea000 Thread exited: 0x0000000009fea000
Event: 12072.926 Thread 0x0000000009fea000 Thread added: 0x0000000009fea000
Event: 12072.931 Thread 0x0000000009fea000 Thread exited: 0x0000000009fea000
Event: 12073.926 Thread 0x0000000009fea000 Thread added: 0x0000000009fea000
Event: 12073.931 Thread 0x0000000009fea000 Thread exited: 0x0000000009fea000
Event: 12074.927 Thread 0x0000000009fea000 Thread added: 0x0000000009fea000
Event: 12074.931 Thread 0x0000000009fea000 Thread exited: 0x0000000009fea000
Event: 12075.927 Thread 0x0000000009fea000 Thread added: 0x0000000009fea000
Event: 12075.931 Thread 0x0000000009fea000 Thread exited: 0x0000000009fea000


Dynamic libraries:
0x000000013f3d0000 - 0x000000013f400000 	C:\Xilinx\Vivado\2019.1\bin\unwrapped\win64.o\vivado.exe
0x00000000776d0000 - 0x000000007786f000 	C:\Windows\SYSTEM32\ntdll.dll
0x00000000775b0000 - 0x00000000776cf000 	C:\Windows\system32\kernel32.dll
0x000007fefd570000 - 0x000007fefd5d7000 	C:\Windows\system32\KERNELBASE.dll
0x000007fede1f0000 - 0x000007fede204000 	C:\Xilinx\Vivado\2019.1\lib\win64.o\libboost_signals.dll
0x000007fef4f00000 - 0x000007fef4f9b000 	C:\Windows\system32\MSVCP140.dll
0x000007fef4ea0000 - 0x000007fef4eb5000 	C:\Windows\system32\VCRUNTIME140.dll
0x000007fef55b0000 - 0x000007fef55b4000 	C:\Windows\system32\api-ms-win-crt-runtime-l1-1-0.dll
0x000007fef4450000 - 0x000007fef4544000 	C:\Windows\system32\ucrtbase.DLL
0x000007fef4e80000 - 0x000007fef4e83000 	C:\Windows\system32\api-ms-win-core-timezone-l1-1-0.dll
0x000007fef4e70000 - 0x000007fef4e73000 	C:\Windows\system32\api-ms-win-core-file-l2-1-0.dll
0x000007fef4e60000 - 0x000007fef4e63000 	C:\Windows\system32\api-ms-win-core-localization-l1-2-0.dll
0x000007fefca80000 - 0x000007fefca83000 	C:\Windows\system32\api-ms-win-core-synch-l1-2-0.dll
0x000007fef4e50000 - 0x000007fef4e53000 	C:\Windows\system32\api-ms-win-core-processthreads-l1-1-1.dll
0x000007fef4440000 - 0x000007fef4443000 	C:\Windows\system32\api-ms-win-core-file-l1-2-0.dll
0x000007fef4430000 - 0x000007fef4433000 	C:\Windows\system32\api-ms-win-crt-heap-l1-1-0.dll
0x000007fef4420000 - 0x000007fef4424000 	C:\Windows\system32\api-ms-win-crt-string-l1-1-0.dll
0x000007fef4410000 - 0x000007fef4414000 	C:\Windows\system32\api-ms-win-crt-stdio-l1-1-0.dll
0x000007fef4400000 - 0x000007fef4404000 	C:\Windows\system32\api-ms-win-crt-convert-l1-1-0.dll
0x000007fef43f0000 - 0x000007fef43f3000 	C:\Windows\system32\api-ms-win-crt-locale-l1-1-0.dll
0x000007fef43e0000 - 0x000007fef43e5000 	C:\Windows\system32\api-ms-win-crt-math-l1-1-0.dll
0x000007fef43d0000 - 0x000007fef43d3000 	C:\Windows\system32\api-ms-win-crt-filesystem-l1-1-0.dll
0x000007fef43c0000 - 0x000007fef43c3000 	C:\Windows\system32\api-ms-win-crt-time-l1-1-0.dll
0x000007fef43b0000 - 0x000007fef43b3000 	C:\Windows\system32\api-ms-win-crt-environment-l1-1-0.dll
0x000007fef43a0000 - 0x000007fef43a3000 	C:\Windows\system32\api-ms-win-crt-utility-l1-1-0.dll
0x000007fec7f00000 - 0x000007fec8de2000 	C:\Xilinx\Vivado\2019.1\lib\win64.o\librdi_common.dll
0x000007fed7380000 - 0x000007fed76ee000 	C:\Xilinx\Vivado\2019.1\lib\win64.o\libCOIN-all.dll
0x000007fede1d0000 - 0x000007fede1e4000 	C:\Xilinx\Vivado\2019.1\lib\win64.o\libboost_date_time.dll
0x000007fed82d0000 - 0x000007fed82f6000 	C:\Xilinx\Vivado\2019.1\lib\win64.o\libboost_filesystem.dll
0x000007fed82c0000 - 0x000007fed82cb000 	C:\Xilinx\Vivado\2019.1\lib\win64.o\libboost_system.dll
0x000007fefd6a0000 - 0x000007fefd77b000 	C:\Windows\system32\ADVAPI32.dll
0x000007fefe9f0000 - 0x000007fefea8f000 	C:\Windows\system32\msvcrt.dll
0x000007fefd680000 - 0x000007fefd69f000 	C:\Windows\SYSTEM32\sechost.dll
0x000007fefea90000 - 0x000007fefebbc000 	C:\Windows\system32\RPCRT4.dll
0x000007fed7300000 - 0x000007fed737f000 	C:\Xilinx\Vivado\2019.1\lib\win64.o\libboost_program_options.dll
0x000007fed71e0000 - 0x000007fed72f4000 	C:\Xilinx\Vivado\2019.1\lib\win64.o\libboost_regex.dll
0x00000000774b0000 - 0x00000000775aa000 	C:\Windows\system32\USER32.dll
0x000007feff440000 - 0x000007feff4a7000 	C:\Windows\system32\GDI32.dll
0x000007feff8a0000 - 0x000007feff8ae000 	C:\Windows\system32\LPK.dll
0x000007fefe920000 - 0x000007fefe9eb000 	C:\Windows\system32\USP10.dll
0x000007fed71b0000 - 0x000007fed71d1000 	C:\Xilinx\Vivado\2019.1\lib\win64.o\libboost_thread.dll
0x000007fed82b0000 - 0x000007fed82bd000 	C:\Xilinx\Vivado\2019.1\lib\win64.o\libboost_chrono.dll
0x000007fed82a0000 - 0x000007fed82af000 	C:\Xilinx\Vivado\2019.1\lib\win64.o\libboost_xilinx.dll
0x000007fed7120000 - 0x000007fed71a2000 	C:\Xilinx\Vivado\2019.1\lib\win64.o\libhdlpsolve.dll
0x000007fec7e50000 - 0x000007fec7ef5000 	C:\Xilinx\Vivado\2019.1\lib\win64.o\libhdxml.dll
0x000007fec72a0000 - 0x000007fec7e4f400 	C:\Xilinx\Vivado\2019.1\lib\win64.o\libisl_iostreams.dll
0x000007fed7100000 - 0x000007fed711b000 	C:\Xilinx\Vivado\2019.1\lib\win64.o\libboost_iostreams.dll
0x000007fed70d0000 - 0x000007fed70f1000 	C:\Xilinx\Vivado\2019.1\lib\win64.o\librdizlib.dll
0x000007fed70a0000 - 0x000007fed70c5000 	C:\Xilinx\Vivado\2019.1\lib\win64.o\libisl_iosutils.dll
0x000007fed7080000 - 0x000007fed709a000 	C:\Xilinx\Vivado\2019.1\lib\win64.o\pthreadVC2.dll
0x000007fef41e0000 - 0x000007fef41e3000 	C:\Windows\system32\api-ms-win-crt-conio-l1-1-0.dll
0x000007fec7270000 - 0x000007fec729e000 	C:\Xilinx\Vivado\2019.1\lib\win64.o\libisl_sysinfo.dll
0x000007feff730000 - 0x000007feff77d000 	C:\Windows\system32\WS2_32.dll
0x000007feff780000 - 0x000007feff788000 	C:\Windows\system32\NSI.dll
0x000007fec7200000 - 0x000007fec7265000 	C:\Xilinx\Vivado\2019.1\lib\win64.o\liblmx6.0.dll
0x000007fec70d0000 - 0x000007fec71f1000 	C:\Xilinx\Vivado\2019.1\lib\win64.o\librdi_commonxillic.dll
0x000007fec6df0000 - 0x000007fec70c8000 	C:\Xilinx\Vivado\2019.1\lib\win64.o\libXil_lmgr11.dll
0x000007fefb150000 - 0x000007fefb166000 	C:\Windows\system32\NETAPI32.dll
0x000007fefb140000 - 0x000007fefb14c000 	C:\Windows\system32\netutils.dll
0x000007fefcf20000 - 0x000007fefcf43000 	C:\Windows\system32\srvcli.dll
0x000007fefb120000 - 0x000007fefb135000 	C:\Windows\system32\wkscli.dll
0x000007fefd5e0000 - 0x000007fefd677000 	C:\Windows\system32\COMDLG32.dll
0x000007feff4b0000 - 0x000007feff521000 	C:\Windows\system32\SHLWAPI.dll
0x000007feecaa0000 - 0x000007feecb40000 	C:\Windows\WinSxS\amd64_microsoft.windows.common-controls_6595b64144ccf1df_5.82.7601.18837_none_a4d981ff711297b6\COMCTL32.dll
0x000007fefda00000 - 0x000007fefe78b000 	C:\Windows\system32\SHELL32.dll
0x000007fefb620000 - 0x000007fefb629000 	C:\Windows\system32\WSOCK32.dll
0x000007feff8b0000 - 0x000007feff98b000 	C:\Windows\system32\OLEAUT32.dll
0x000007feff530000 - 0x000007feff72f000 	C:\Windows\system32\ole32.dll
0x000007fef9d90000 - 0x000007fef9da8000 	C:\Windows\system32\dhcpcsvc.DLL
0x000007fefd2b0000 - 0x000007fefd2eb000 	C:\Windows\system32\WINTRUST.dll
0x000007fefd300000 - 0x000007fefd46d000 	C:\Windows\system32\CRYPT32.dll
0x000007fefd230000 - 0x000007fefd23f000 	C:\Windows\system32\MSASN1.dll
0x000007fec6dd0000 - 0x000007fec6dec000 	C:\Xilinx\Vivado\2019.1\lib\win64.o\librdiconfig.dll
0x0000000054450000 - 0x000000005457b000 	C:\Xilinx\Vivado\2019.1\lib\win64.o\tcl85t.dll
0x0000000012000000 - 0x0000000012270000 	C:\Xilinx\Vivado\2019.1\lib\win64.o\xerces-c_3_1.dll
0x000007fefebc0000 - 0x000007feff06c000 	C:\Windows\system32\WININET.dll
0x000007fefd2f0000 - 0x000007fefd2f4000 	C:\Windows\system32\api-ms-win-downlevel-user32-l1-1-0.dll
0x000007fefd470000 - 0x000007fefd474000 	C:\Windows\system32\api-ms-win-downlevel-shlwapi-l1-1-0.dll
0x000007fefd4c0000 - 0x000007fefd4c4000 	C:\Windows\system32\api-ms-win-downlevel-version-l1-1-0.dll
0x000007fefca70000 - 0x000007fefca7c000 	C:\Windows\system32\version.DLL
0x000007fefd250000 - 0x000007fefd253000 	C:\Windows\system32\api-ms-win-downlevel-normaliz-l1-1-0.dll
0x0000000077880000 - 0x0000000077883000 	C:\Windows\system32\normaliz.DLL
0x000007feff170000 - 0x000007feff43c000 	C:\Windows\system32\iertutil.dll
0x000007fefd2a0000 - 0x000007fefd2a5000 	C:\Windows\system32\api-ms-win-downlevel-advapi32-l1-1-0.dll
0x000007fefd260000 - 0x000007fefd27f000 	C:\Windows\system32\USERENV.dll
0x000007fefd220000 - 0x000007fefd22f000 	C:\Windows\system32\profapi.dll
0x000007fef7a90000 - 0x000007fef7b01000 	C:\Windows\system32\WINHTTP.dll
0x000007fef7a20000 - 0x000007fef7a85000 	C:\Windows\system32\webio.dll
0x000007fefe790000 - 0x000007fefe91a000 	C:\Windows\system32\urlmon.dll
0x000007fefd240000 - 0x000007fefd244000 	C:\Windows\system32\api-ms-win-downlevel-ole32-l1-1-0.dll
0x000007fec5f30000 - 0x000007fec6dc1000 	C:\Xilinx\Vivado\2019.1\lib\win64.o\gurobi65.dll
0x000007fec5f00000 - 0x000007fec5f27000 	C:\Windows\system32\VCOMP140.DLL
0x000007fec5ee0000 - 0x000007fec5ef4000 	C:\Xilinx\Vivado\2019.1\lib\win64.o\librdi_commonmain.dll
0x000007fec5ed0000 - 0x000007fec5eda000 	C:\Xilinx\Vivado\2019.1\lib\win64.o\librdi_commonversion.dll
0x000007feff990000 - 0x000007feff9be000 	C:\Windows\system32\IMM32.DLL
0x000007feff790000 - 0x000007feff89b000 	C:\Windows\system32\MSCTF.dll
0x000007fec59b0000 - 0x000007fec5ec7000 	C:\Xilinx\Vivado\2019.1\lib\win64.o\librdi_commontasks.dll
0x0000000053a20000 - 0x0000000054445000 	C:\Xilinx\Vivado\2019.1\tps\win64\jre9.0.4\bin\server\jvm.dll
0x000007fefa1c0000 - 0x000007fefa1fb000 	C:\Windows\system32\WINMM.dll
0x0000000077870000 - 0x0000000077877000 	C:\Windows\system32\PSAPI.DLL
0x000007fef7560000 - 0x000007fef764f000 	C:\Windows\system32\MSVCR120.dll
0x000007fec5720000 - 0x000007fec59a6000 	C:\Xilinx\Vivado\2019.1\lib\win64.o\librdi_sio.dll
0x000007fefa210000 - 0x000007fefa237000 	C:\Windows\system32\IPHLPAPI.DLL
0x000007fefa200000 - 0x000007fefa20b000 	C:\Windows\system32\WINNSI.DLL
0x000007fefc6a0000 - 0x000007fefc6f5000 	C:\Windows\system32\MSWSOCK.DLL
0x000007fec3260000 - 0x000007fec571c000 	C:\Xilinx\Vivado\2019.1\lib\win64.o\librdi_tcltasks.dll
0x000007fec2e50000 - 0x000007fec3258000 	C:\Xilinx\Vivado\2019.1\lib\win64.o\librdi_bitstream.dll
0x000007feb0a20000 - 0x000007fec2e4c000 	C:\Xilinx\Vivado\2019.1\lib\win64.o\librdi_device.dll
0x000007fee0810000 - 0x000007fee085c000 	C:\Xilinx\Vivado\2019.1\lib\win64.o\libboost_serialization.dll
0x000007feafed0000 - 0x000007feb0a17000 	C:\Xilinx\Vivado\2019.1\lib\win64.o\libverific.dll
0x000007feafd30000 - 0x000007feafec1000 	C:\Xilinx\Vivado\2019.1\lib\win64.o\librdi_board.dll
0x000007fed77d0000 - 0x000007fed7848000 	C:\Xilinx\Vivado\2019.1\lib\win64.o\librdi_boarddep.dll
0x000007feafc40000 - 0x000007feafd2b000 	C:\Xilinx\Vivado\2019.1\lib\win64.o\librdi_chipscope.dll
0x000007feafac0000 - 0x000007feafc32000 	C:\Xilinx\Vivado\2019.1\lib\win64.o\librdi_advchipscopeimpl.dll
0x000007feae0d0000 - 0x000007feafaba000 	C:\Xilinx\Vivado\2019.1\lib\win64.o\librdi_constraints.dll
0x000007feada80000 - 0x000007feae0cd000 	C:\Xilinx\Vivado\2019.1\lib\win64.o\librdi_filemgmt.dll
0x000007fead8e0000 - 0x000007feada7f000 	C:\Xilinx\Vivado\2019.1\lib\win64.o\librdi_hip_devdesign.dll
0x000007fead810000 - 0x000007fead8d2000 	C:\Xilinx\Vivado\2019.1\lib\win64.o\librdi_ipconfig_readwrite.dll
0x000007fead160000 - 0x000007fead802000 	C:\Xilinx\Vivado\2019.1\lib\win64.o\librdi_netlist.dll
0x000007fead0d0000 - 0x000007fead158000 	C:\Xilinx\Vivado\2019.1\lib\win64.o\librdi_meir_core.dll
0x000007fee07c0000 - 0x000007fee0803000 	C:\Xilinx\Vivado\2019.1\lib\win64.o\librdi_noc_frameworks.dll
0x000007feacce0000 - 0x000007fead0c5000 	C:\Xilinx\Vivado\2019.1\lib\win64.o\librdi_hip_config.dll
0x000007feac750000 - 0x000007feaccd1000 	C:\Xilinx\Vivado\2019.1\lib\win64.o\librdi_ippcw.dll
0x000007feac5a0000 - 0x000007feac74e000 	C:\Xilinx\Vivado\2019.1\lib\win64.o\librdi_hip_noc_tools.dll
0x000007feabe90000 - 0x000007feac599000 	C:\Xilinx\Vivado\2019.1\lib\win64.o\librdi_psta.dll
0x000007fea9fd0000 - 0x000007feabe81000 	C:\Xilinx\Vivado\2019.1\lib\win64.o\librdi_coregen.dll
0x000007fea98f0000 - 0x000007fea9fca000 	C:\Xilinx\Vivado\2019.1\lib\win64.o\librdi_coregenipxact.dll
0x000007fea58a0000 - 0x000007fea98e3000 	C:\Xilinx\Vivado\2019.1\lib\win64.o\librdi_designutils.dll

VM Arguments:
jvm_args: -Dsun.java2d.pmoffscreen=false -Dsun.java2d.xrender=false -Dsun.java2d.d3d=false -Dsun.awt.nopixfmt=true -Dsun.java2d.dpiaware=true -Dsun.java2d.uiScale.enabled=false -Xverify:none -Dswing.aatext=true -XX:-UsePerfData -Djdk.map.althashing.threshold=512 -XX:StringTableSize=4072 --add-opens=java.base/java.nio=ALL-UNNAMED --add-opens=java.desktop/sun.swing=ALL-UNNAMED --add-opens=java.desktop/javax.swing=ALL-UNNAMED --add-opens=java.desktop/javax.swing.tree=ALL-UNNAMED --add-opens=java.desktop/javax.swing.plaf.basic=ALL-UNNAMED --add-opens=java.desktop/javax.swing.plaf.synth=ALL-UNNAMED --add-opens=java.desktop/com.sun.awt=ALL-UNNAMED -XX:NewSize=60m -XX:MaxNewSize=60m -Xms128m -Xmx3072m -Xss5m 
java_command: <unknown>
java_class_path (initial): C:/Xilinx/Vivado/2019.1\lib\classes\alloy.jar;C:/Xilinx/Vivado/2019.1\lib\classes\autopilot.scelaborator.jar;C:/Xilinx/Vivado/2019.1\lib\classes\autopilot.sourceprocessor.jar;C:/Xilinx/Vivado/2019.1\lib\classes\autopilot.tbprocessor.jar;C:/Xilinx/Vivado/2019.1\lib\classes\batik-anim.jar;C:/Xilinx/Vivado/2019.1\lib\classes\batik-awt-util.jar;C:/Xilinx/Vivado/2019.1\lib\classes\batik-bridge.jar;C:/Xilinx/Vivado/2019.1\lib\classes\batik-codec.jar;C:/Xilinx/Vivado/2019.1\lib\classes\batik-css.jar;C:/Xilinx/Vivado/2019.1\lib\classes\batik-dom.jar;C:/Xilinx/Vivado/2019.1\lib\classes\batik-ext.jar;C:/Xilinx/Vivado/2019.1\lib\classes\batik-gui-util.jar;C:/Xilinx/Vivado/2019.1\lib\classes\batik-gvt.jar;C:/Xilinx/Vivado/2019.1\lib\classes\batik-parser.jar;C:/Xilinx/Vivado/2019.1\lib\classes\batik-script.jar;C:/Xilinx/Vivado/2019.1\lib\classes\batik-svg-dom.jar;C:/Xilinx/Vivado/2019.1\lib\classes\batik-swing.jar;C:/Xilinx/Vivado/2019.1\lib\classes\batik-transcoder.jar;C:/Xilinx/Vivado/2019.1\lib\classes\batik-util.jar;C:/Xilinx/Vivado/2019.1\lib\classes\batik-xml.jar;C:/Xilinx/Vivado/2019.1\lib\classes\com.google.gson_2.7.0.v20170129-0911.jar;C:/Xilinx/Vivado/2019.1\lib\classes\com.google.guava_21.0.0.v20170206-1425.jar;C:/Xilinx/Vivado/2019.1\lib\classes\com.google.inject_3.0.0.v201605172100.jar;C:/Xilinx/Vivado/2019.1\lib\classes\com.ibm.icu_4.4.2.v20110208.jar;C:/Xilinx/Vivado/2019.1\lib\classes\com.sigasi.hdt.annotations.runtime_4.3.0.201903071210.jar;C:/Xilinx/Vivado/2019.1\lib\classes\com.sigasi.hdt.blockdiagram.model_4.3.0.201903071210.jar;C:/Xilinx/Vivado/2019.1\lib\classes\com.sigasi.hdt.connection_4.3.0.201903071210.jar;C:/Xilinx/Vivado/2019.1\lib\classes\com.sigasi.hdt.dependencies.model_4.3.0.201903071210.jar;C:/Xilinx/Vivado/2019.1\lib\classes\com.sigasi.hdt.epl_4.3.0.201903071210.jar;C:/Xilinx/Vivado/2019.1\lib\classes\com.sigasi.hdt.graphics.model_4.3.0.201903071210.jar;C:/Xilinx/Vivado/2019.1\lib\classes\com.sigasi.hdt.project_4.3.0
Launcher Type: generic

Logging:
Log output configuration:
#0: stdout all=warning uptime,level,tags
#1: stderr all=off uptime,level,tags

Environment Variables:
PATH=C:/Xilinx/Vivado/2019.1/bin;C:/Xilinx/Vivado/2019.1/lib/win64.o;C:/Xilinx/Vivado/2019.1/tps/win64/jre9.0.4/bin/server;C:/Xilinx/Vivado/2019.1/tps/win64/jre9.0.4/bin;C:/Xilinx/SDK/2019.1/bin;C:/Xilinx/Vivado/2019.1/ids_lite/ISE/bin/nt64;C:/Xilinx/Vivado/2019.1/ids_lite/ISE/lib/nt64;C:\Program Files (x86)\Common Files\Oracle\Java\javapath;c:\program files\common files\microsoft shared\windows live;c:\program files (x86)\common files\microsoft shared\windows live;c:\programdata\oracle\java\javapath;c:\program files (x86)\intel\icls client\;c:\program files\intel\icls client\;c:\windows\system32;c:\windows;c:\windows\system32\wbem;c:\windows\system32\windowspowershell\v1.0\;c:\program files\intel\intel(r) management engine components\dal;c:\program files\intel\intel(r) management engine components\ipt;c:\program files (x86)\intel\intel(r) management engine components\dal;c:\program files (x86)\intel\intel(r) management engine components\ipt;c:\program files (x86)\ati technologies\ati.ace\core-static;c:\program files (x86)\windows live\shared;C:\Program Files\MATLAB\R2017b\bin;C:\Program Files\dotnet\;C:\Program Files\PuTTY\;C:\Program Files\Git\cmd;C:\Program Files\Git\mingw64\bin;C:\Program Files\Git\usr\bin;C:\Program Files\Microsoft SQL Server\130\Tools\Binn\;C:\Program Files\NVIDIA Corporation\NVIDIA NvDLISR;C:\Program Files (x86)\NVIDIA Corporation\PhysX\Common;C:/Xilinx/Vivado/2019.1\tps\mingw\6.2.0\win64.o\nt\bin;C:/Xilinx/Vivado/2019.1\tps\mingw\6.2.0\win64.o\nt\libexec\gcc\x86_64-w64-mingw32\6.2.0;C:/Xilinx/Vivado/2019.1\tps\win64\python-2.7.5;C:/Xilinx/Vivado/2019.1\tps\win64\python-2.7.5\lib;C:/Xilinx/Vivado/2019.1\tps\win64\python-2.7.5\Lib\lib-tk;C:/Xilinx/Vivado/2019.1\tps\win64\python-2.7.5\lib\site-packages
USERNAME=Cliff
OS=Windows_NT
PROCESSOR_IDENTIFIER=Intel64 Family 6 Model 60 Stepping 3, GenuineIntel



---------------  S Y S T E M  ---------------

OS: Windows 7 , 64 bit Build 7601 (6.1.7601.24535)

CPU:total 4 (initial active 4) (4 cores per cpu, 1 threads per core) family 6 model 60 stepping 3, cmov, cx8, fxsr, mmx, sse, sse2, sse3, ssse3, sse4.1, sse4.2, popcnt, avx, avx2, aes, clmul, erms, lzcnt, tsc, tscinvbit, bmi1, bmi2, fma

Memory: 4k page, physical 12532688k(5172304k free), swap 25063476k(17502424k free)

vm_info: Java HotSpot(TM) 64-Bit Server VM (9.0.4+11) for windows-amd64 JRE (9.0.4+11), built on Dec 20 2017 02:18:54 by "mach5one" with MS VC++ 12.0 (VS2013)

END.
